{"C:\\Users\\nikit\\Documents\\Rage-Party\\index.js": {"path":"C:\\Users\\nikit\\Documents\\Rage-Party\\index.js","statementMap":{"0":{"start":{"line":3,"column":16},"end":{"line":3,"column":52}},"1":{"start":{"line":4,"column":13},"end":{"line":4,"column":28}},"2":{"start":{"line":5,"column":13},"end":{"line":5,"column":37}},"3":{"start":{"line":6,"column":13},"end":{"line":6,"column":52}},"4":{"start":{"line":8,"column":0},"end":{"line":11,"column":3}},"5":{"start":{"line":14,"column":0},"end":{"line":15,"column":34}},"6":{"start":{"line":15,"column":3},"end":{"line":15,"column":31}},"7":{"start":{"line":17,"column":0},"end":{"line":19,"column":3}},"8":{"start":{"line":18,"column":2},"end":{"line":18,"column":29}},"9":{"start":{"line":21,"column":0},"end":{"line":24,"column":3}},"10":{"start":{"line":22,"column":2},"end":{"line":22,"column":39}},"11":{"start":{"line":27,"column":14},"end":{"line":35,"column":1}},"12":{"start":{"line":28,"column":2},"end":{"line":34,"column":3}},"13":{"start":{"line":29,"column":4},"end":{"line":29,"column":37}},"14":{"start":{"line":30,"column":4},"end":{"line":30,"column":77}},"15":{"start":{"line":32,"column":4},"end":{"line":32,"column":27}},"16":{"start":{"line":33,"column":4},"end":{"line":33,"column":20}},"17":{"start":{"line":36,"column":0},"end":{"line":36,"column":8}},"18":{"start":{"line":38,"column":0},"end":{"line":40,"column":2}}},"fnMap":{"0":{"name":"(anonymous_0)","decl":{"start":{"line":14,"column":17},"end":{"line":14,"column":18}},"loc":{"start":{"line":15,"column":3},"end":{"line":15,"column":31}},"line":15},"1":{"name":"(anonymous_1)","decl":{"start":{"line":17,"column":25},"end":{"line":17,"column":26}},"loc":{"start":{"line":17,"column":51},"end":{"line":19,"column":1}},"line":17},"2":{"name":"(anonymous_2)","decl":{"start":{"line":21,"column":22},"end":{"line":21,"column":23}},"loc":{"start":{"line":21,"column":48},"end":{"line":24,"column":1}},"line":21},"3":{"name":"(anonymous_3)","decl":{"start":{"line":27,"column":14},"end":{"line":27,"column":15}},"loc":{"start":{"line":27,"column":26},"end":{"line":35,"column":1}},"line":27}},"branchMap":{"0":{"loc":{"start":{"line":5,"column":13},"end":{"line":5,"column":37}},"type":"binary-expr","locations":[{"start":{"line":5,"column":13},"end":{"line":5,"column":29}},{"start":{"line":5,"column":33},"end":{"line":5,"column":37}}],"line":5},"1":{"loc":{"start":{"line":6,"column":13},"end":{"line":6,"column":52}},"type":"cond-expr","locations":[{"start":{"line":6,"column":29},"end":{"line":6,"column":40}},{"start":{"line":6,"column":43},"end":{"line":6,"column":52}}],"line":6}},"s":{"0":1,"1":1,"2":1,"3":1,"4":1,"5":1,"6":1,"7":1,"8":1,"9":1,"10":1,"11":1,"12":1,"13":1,"14":1,"15":0,"16":0,"17":1,"18":1},"f":{"0":1,"1":1,"2":1,"3":1},"b":{"0":[1,1],"1":[1,0]},"_coverageSchema":"1a1c01bbd47fc00a2c39e90264f33305004495a9","hash":"8919b3b054d26800958e7ebdf926011b963cea78"}
,"C:\\Users\\nikit\\Documents\\Rage-Party\\src\\scripts\\contain.js": {"path":"C:\\Users\\nikit\\Documents\\Rage-Party\\src\\scripts\\contain.js","statementMap":{"0":{"start":{"line":1,"column":29},"end":{"line":7,"column":1}},"1":{"start":{"line":11,"column":20},"end":{"line":14,"column":3}},"2":{"start":{"line":17,"column":2},"end":{"line":19,"column":3}},"3":{"start":{"line":18,"column":4},"end":{"line":18,"column":37}},"4":{"start":{"line":22,"column":2},"end":{"line":25,"column":3}},"5":{"start":{"line":24,"column":4},"end":{"line":24,"column":38}},"6":{"start":{"line":28,"column":2},"end":{"line":30,"column":3}},"7":{"start":{"line":29,"column":4},"end":{"line":29,"column":36}},"8":{"start":{"line":33,"column":2},"end":{"line":36,"column":3}},"9":{"start":{"line":35,"column":4},"end":{"line":35,"column":37}},"10":{"start":{"line":38,"column":2},"end":{"line":38,"column":19}}},"fnMap":{"0":{"name":"contain","decl":{"start":{"line":9,"column":16},"end":{"line":9,"column":23}},"loc":{"start":{"line":9,"column":43},"end":{"line":39,"column":1}},"line":9}},"branchMap":{"0":{"loc":{"start":{"line":17,"column":2},"end":{"line":19,"column":3}},"type":"if","locations":[{"start":{"line":17,"column":2},"end":{"line":19,"column":3}},{"start":{"line":17,"column":2},"end":{"line":19,"column":3}}],"line":17},"1":{"loc":{"start":{"line":22,"column":2},"end":{"line":25,"column":3}},"type":"if","locations":[{"start":{"line":22,"column":2},"end":{"line":25,"column":3}},{"start":{"line":22,"column":2},"end":{"line":25,"column":3}}],"line":22},"2":{"loc":{"start":{"line":28,"column":2},"end":{"line":30,"column":3}},"type":"if","locations":[{"start":{"line":28,"column":2},"end":{"line":30,"column":3}},{"start":{"line":28,"column":2},"end":{"line":30,"column":3}}],"line":28},"3":{"loc":{"start":{"line":33,"column":2},"end":{"line":36,"column":3}},"type":"if","locations":[{"start":{"line":33,"column":2},"end":{"line":36,"column":3}},{"start":{"line":33,"column":2},"end":{"line":36,"column":3}}],"line":33}},"s":{"0":2,"1":1156,"2":1156,"3":4,"4":1156,"5":5,"6":1156,"7":33,"8":1156,"9":5,"10":1156},"f":{"0":1156},"b":{"0":[4,1152],"1":[5,1151],"2":[33,1123],"3":[5,1151]},"_coverageSchema":"1a1c01bbd47fc00a2c39e90264f33305004495a9","hash":"8236fb1b22bea5d110071a7b3006ce71b9d67a59"}
,"C:\\Users\\nikit\\Documents\\Rage-Party\\src\\scripts\\game.js": {"path":"C:\\Users\\nikit\\Documents\\Rage-Party\\src\\scripts\\game.js","statementMap":{"0":{"start":{"line":7,"column":2},"end":{"line":12,"column":4}},"1":{"start":{"line":13,"column":0},"end":{"line":13,"column":41}},"2":{"start":{"line":15,"column":0},"end":{"line":18,"column":3}},"3":{"start":{"line":16,"column":2},"end":{"line":16,"column":29}},"4":{"start":{"line":17,"column":2},"end":{"line":17,"column":31}},"5":{"start":{"line":21,"column":19},"end":{"line":21,"column":39}},"6":{"start":{"line":24,"column":22},"end":{"line":24,"column":60}},"7":{"start":{"line":25,"column":19},"end":{"line":25,"column":65}},"8":{"start":{"line":26,"column":20},"end":{"line":26,"column":64}},"9":{"start":{"line":27,"column":26},"end":{"line":27,"column":28}},"10":{"start":{"line":28,"column":0},"end":{"line":32,"column":1}},"11":{"start":{"line":28,"column":13},"end":{"line":28,"column":14}},"12":{"start":{"line":29,"column":18},"end":{"line":30,"column":55}},"13":{"start":{"line":31,"column":2},"end":{"line":31,"column":34}},"14":{"start":{"line":33,"column":22},"end":{"line":33,"column":24}},"15":{"start":{"line":34,"column":0},"end":{"line":38,"column":1}},"16":{"start":{"line":34,"column":13},"end":{"line":34,"column":14}},"17":{"start":{"line":35,"column":18},"end":{"line":36,"column":47}},"18":{"start":{"line":37,"column":2},"end":{"line":37,"column":30}},"19":{"start":{"line":39,"column":23},"end":{"line":39,"column":25}},"20":{"start":{"line":40,"column":0},"end":{"line":44,"column":1}},"21":{"start":{"line":40,"column":13},"end":{"line":40,"column":14}},"22":{"start":{"line":41,"column":18},"end":{"line":42,"column":48}},"23":{"start":{"line":43,"column":2},"end":{"line":43,"column":31}},"24":{"start":{"line":45,"column":24},"end":{"line":46,"column":37}},"25":{"start":{"line":47,"column":25},"end":{"line":48,"column":38}},"26":{"start":{"line":49,"column":26},"end":{"line":49,"column":71}},"27":{"start":{"line":50,"column":23},"end":{"line":50,"column":69}},"28":{"start":{"line":51,"column":0},"end":{"line":51,"column":30}},"29":{"start":{"line":52,"column":0},"end":{"line":52,"column":31}},"30":{"start":{"line":54,"column":22},"end":{"line":59,"column":2}},"31":{"start":{"line":60,"column":20},"end":{"line":65,"column":2}},"32":{"start":{"line":66,"column":21},"end":{"line":66,"column":60}},"33":{"start":{"line":67,"column":0},"end":{"line":67,"column":41}},"34":{"start":{"line":68,"column":0},"end":{"line":68,"column":41}},"35":{"start":{"line":69,"column":19},"end":{"line":69,"column":70}},"36":{"start":{"line":70,"column":0},"end":{"line":70,"column":39}},"37":{"start":{"line":71,"column":0},"end":{"line":71,"column":39}},"38":{"start":{"line":72,"column":0},"end":{"line":72,"column":27}},"39":{"start":{"line":75,"column":0},"end":{"line":75,"column":64}},"40":{"start":{"line":78,"column":16},"end":{"line":78,"column":43}},"41":{"start":{"line":79,"column":0},"end":{"line":79,"column":22}},"42":{"start":{"line":80,"column":0},"end":{"line":80,"column":22}},"43":{"start":{"line":81,"column":0},"end":{"line":81,"column":23}},"44":{"start":{"line":82,"column":0},"end":{"line":82,"column":23}},"45":{"start":{"line":84,"column":0},"end":{"line":84,"column":29}},"46":{"start":{"line":87,"column":13},"end":{"line":87,"column":46}},"47":{"start":{"line":89,"column":0},"end":{"line":89,"column":39}},"48":{"start":{"line":90,"column":0},"end":{"line":90,"column":40}},"49":{"start":{"line":91,"column":0},"end":{"line":91,"column":14}},"50":{"start":{"line":92,"column":0},"end":{"line":92,"column":14}},"51":{"start":{"line":93,"column":0},"end":{"line":93,"column":25}},"52":{"start":{"line":94,"column":0},"end":{"line":94,"column":21}},"53":{"start":{"line":95,"column":0},"end":{"line":95,"column":21}},"54":{"start":{"line":97,"column":19},"end":{"line":97,"column":21}},"55":{"start":{"line":98,"column":0},"end":{"line":98,"column":24}},"56":{"start":{"line":99,"column":0},"end":{"line":99,"column":36}},"57":{"start":{"line":101,"column":0},"end":{"line":101,"column":28}},"58":{"start":{"line":102,"column":0},"end":{"line":102,"column":30}},"59":{"start":{"line":103,"column":0},"end":{"line":105,"column":3}},"60":{"start":{"line":104,"column":2},"end":{"line":104,"column":25}},"61":{"start":{"line":106,"column":0},"end":{"line":109,"column":3}},"62":{"start":{"line":107,"column":2},"end":{"line":107,"column":26}},"63":{"start":{"line":108,"column":2},"end":{"line":108,"column":38}},"64":{"start":{"line":113,"column":4},"end":{"line":113,"column":27}},"65":{"start":{"line":114,"column":4},"end":{"line":114,"column":25}},"66":{"start":{"line":116,"column":4},"end":{"line":116,"column":24}},"67":{"start":{"line":117,"column":4},"end":{"line":117,"column":31}},"68":{"start":{"line":118,"column":4},"end":{"line":118,"column":36}},"69":{"start":{"line":119,"column":4},"end":{"line":119,"column":29}},"70":{"start":{"line":121,"column":4},"end":{"line":121,"column":63}},"71":{"start":{"line":123,"column":4},"end":{"line":123,"column":35}},"72":{"start":{"line":124,"column":4},"end":{"line":124,"column":29}},"73":{"start":{"line":125,"column":4},"end":{"line":125,"column":38}},"74":{"start":{"line":127,"column":4},"end":{"line":137,"column":5}},"75":{"start":{"line":127,"column":17},"end":{"line":127,"column":18}},"76":{"start":{"line":128,"column":21},"end":{"line":128,"column":50}},"77":{"start":{"line":129,"column":6},"end":{"line":129,"column":28}},"78":{"start":{"line":130,"column":6},"end":{"line":130,"column":28}},"79":{"start":{"line":131,"column":6},"end":{"line":131,"column":29}},"80":{"start":{"line":132,"column":6},"end":{"line":132,"column":27}},"81":{"start":{"line":133,"column":6},"end":{"line":133,"column":27}},"82":{"start":{"line":134,"column":6},"end":{"line":134,"column":46}},"83":{"start":{"line":135,"column":6},"end":{"line":135,"column":35}},"84":{"start":{"line":136,"column":6},"end":{"line":136,"column":34}},"85":{"start":{"line":141,"column":4},"end":{"line":141,"column":28}},"86":{"start":{"line":145,"column":4},"end":{"line":145,"column":23}},"87":{"start":{"line":149,"column":4},"end":{"line":149,"column":28}},"88":{"start":{"line":153,"column":4},"end":{"line":153,"column":23}},"89":{"start":{"line":154,"column":23},"end":{"line":154,"column":44}},"90":{"start":{"line":155,"column":4},"end":{"line":155,"column":30}},"91":{"start":{"line":156,"column":4},"end":{"line":156,"column":40}},"92":{"start":{"line":157,"column":4},"end":{"line":157,"column":22}},"93":{"start":{"line":161,"column":4},"end":{"line":192,"column":5}},"94":{"start":{"line":162,"column":6},"end":{"line":191,"column":7}},"95":{"start":{"line":162,"column":19},"end":{"line":162,"column":45}},"96":{"start":{"line":163,"column":8},"end":{"line":184,"column":9}},"97":{"start":{"line":166,"column":10},"end":{"line":167,"column":66}},"98":{"start":{"line":168,"column":10},"end":{"line":168,"column":45}},"99":{"start":{"line":170,"column":28},"end":{"line":170,"column":77}},"100":{"start":{"line":172,"column":10},"end":{"line":172,"column":45}},"101":{"start":{"line":173,"column":10},"end":{"line":173,"column":45}},"102":{"start":{"line":174,"column":10},"end":{"line":174,"column":36}},"103":{"start":{"line":175,"column":10},"end":{"line":175,"column":55}},"104":{"start":{"line":176,"column":10},"end":{"line":176,"column":57}},"105":{"start":{"line":177,"column":10},"end":{"line":177,"column":33}},"106":{"start":{"line":178,"column":10},"end":{"line":178,"column":41}},"107":{"start":{"line":179,"column":10},"end":{"line":179,"column":27}},"108":{"start":{"line":180,"column":10},"end":{"line":180,"column":73}},"109":{"start":{"line":180,"column":39},"end":{"line":180,"column":72}},"110":{"start":{"line":181,"column":10},"end":{"line":181,"column":41}},"111":{"start":{"line":183,"column":10},"end":{"line":183,"column":44}},"112":{"start":{"line":185,"column":8},"end":{"line":190,"column":9}},"113":{"start":{"line":186,"column":10},"end":{"line":187,"column":56}},"114":{"start":{"line":188,"column":10},"end":{"line":189,"column":56}},"115":{"start":{"line":193,"column":4},"end":{"line":201,"column":5}},"116":{"start":{"line":194,"column":6},"end":{"line":194,"column":31}},"117":{"start":{"line":195,"column":6},"end":{"line":195,"column":28}},"118":{"start":{"line":196,"column":11},"end":{"line":201,"column":5}},"119":{"start":{"line":197,"column":6},"end":{"line":197,"column":31}},"120":{"start":{"line":198,"column":6},"end":{"line":198,"column":37}},"121":{"start":{"line":199,"column":6},"end":{"line":199,"column":65}},"122":{"start":{"line":200,"column":6},"end":{"line":200,"column":33}},"123":{"start":{"line":205,"column":4},"end":{"line":227,"column":5}},"124":{"start":{"line":206,"column":21},"end":{"line":206,"column":32}},"125":{"start":{"line":207,"column":6},"end":{"line":207,"column":25}},"126":{"start":{"line":209,"column":6},"end":{"line":209,"column":65}},"127":{"start":{"line":211,"column":6},"end":{"line":211,"column":41}},"128":{"start":{"line":212,"column":6},"end":{"line":212,"column":41}},"129":{"start":{"line":214,"column":21},"end":{"line":216,"column":48}},"130":{"start":{"line":217,"column":6},"end":{"line":217,"column":35}},"131":{"start":{"line":218,"column":6},"end":{"line":218,"column":35}},"132":{"start":{"line":220,"column":6},"end":{"line":220,"column":54}},"133":{"start":{"line":221,"column":6},"end":{"line":221,"column":55}},"134":{"start":{"line":223,"column":6},"end":{"line":223,"column":27}},"135":{"start":{"line":224,"column":11},"end":{"line":227,"column":5}},"136":{"start":{"line":225,"column":6},"end":{"line":225,"column":48}},"137":{"start":{"line":226,"column":6},"end":{"line":226,"column":32}},"138":{"start":{"line":231,"column":4},"end":{"line":231,"column":28}},"139":{"start":{"line":232,"column":4},"end":{"line":232,"column":43}},"140":{"start":{"line":236,"column":21},"end":{"line":236,"column":23}},"141":{"start":{"line":237,"column":20},"end":{"line":237,"column":21}},"142":{"start":{"line":238,"column":20},"end":{"line":238,"column":22}},"143":{"start":{"line":241,"column":2},"end":{"line":241,"column":71}},"144":{"start":{"line":244,"column":20},"end":{"line":244,"column":21}},"145":{"start":{"line":246,"column":0},"end":{"line":246,"column":44}},"146":{"start":{"line":246,"column":19},"end":{"line":246,"column":43}},"147":{"start":{"line":247,"column":0},"end":{"line":247,"column":46}},"148":{"start":{"line":247,"column":21},"end":{"line":247,"column":45}},"149":{"start":{"line":249,"column":0},"end":{"line":249,"column":42}},"150":{"start":{"line":249,"column":17},"end":{"line":249,"column":41}},"151":{"start":{"line":250,"column":0},"end":{"line":250,"column":44}},"152":{"start":{"line":250,"column":19},"end":{"line":250,"column":43}},"153":{"start":{"line":252,"column":0},"end":{"line":252,"column":45}},"154":{"start":{"line":252,"column":20},"end":{"line":252,"column":44}},"155":{"start":{"line":253,"column":0},"end":{"line":253,"column":47}},"156":{"start":{"line":253,"column":22},"end":{"line":253,"column":46}},"157":{"start":{"line":255,"column":0},"end":{"line":255,"column":44}},"158":{"start":{"line":255,"column":19},"end":{"line":255,"column":43}},"159":{"start":{"line":256,"column":0},"end":{"line":256,"column":46}},"160":{"start":{"line":256,"column":21},"end":{"line":256,"column":45}},"161":{"start":{"line":258,"column":0},"end":{"line":258,"column":53}},"162":{"start":{"line":258,"column":27},"end":{"line":258,"column":52}},"163":{"start":{"line":261,"column":27},"end":{"line":261,"column":53}},"164":{"start":{"line":263,"column":2},"end":{"line":268,"column":3}},"165":{"start":{"line":267,"column":4},"end":{"line":267,"column":30}},"166":{"start":{"line":269,"column":2},"end":{"line":274,"column":3}},"167":{"start":{"line":273,"column":4},"end":{"line":273,"column":30}},"168":{"start":{"line":279,"column":12},"end":{"line":279,"column":20}},"169":{"start":{"line":280,"column":8},"end":{"line":280,"column":16}},"170":{"start":{"line":281,"column":12},"end":{"line":281,"column":48}},"171":{"start":{"line":283,"column":2},"end":{"line":283,"column":25}},"172":{"start":{"line":284,"column":2},"end":{"line":299,"column":3}},"173":{"start":{"line":285,"column":4},"end":{"line":293,"column":5}},"174":{"start":{"line":286,"column":6},"end":{"line":286,"column":34}},"175":{"start":{"line":287,"column":6},"end":{"line":287,"column":20}},"176":{"start":{"line":288,"column":6},"end":{"line":288,"column":31}},"177":{"start":{"line":290,"column":6},"end":{"line":290,"column":33}},"178":{"start":{"line":291,"column":6},"end":{"line":291,"column":20}},"179":{"start":{"line":292,"column":6},"end":{"line":292,"column":30}},"180":{"start":{"line":300,"column":2},"end":{"line":300,"column":15}},"181":{"start":{"line":301,"column":2},"end":{"line":301,"column":15}},"182":{"start":{"line":302,"column":2},"end":{"line":302,"column":30}},"183":{"start":{"line":304,"column":2},"end":{"line":304,"column":29}},"184":{"start":{"line":306,"column":2},"end":{"line":306,"column":16}},"185":{"start":{"line":309,"column":0},"end":{"line":309,"column":34}},"186":{"start":{"line":310,"column":0},"end":{"line":310,"column":32}},"187":{"start":{"line":313,"column":0},"end":{"line":313,"column":29}},"188":{"start":{"line":314,"column":0},"end":{"line":314,"column":10}},"189":{"start":{"line":316,"column":2},"end":{"line":316,"column":23}},"190":{"start":{"line":317,"column":2},"end":{"line":317,"column":40}},"191":{"start":{"line":318,"column":2},"end":{"line":328,"column":3}},"192":{"start":{"line":320,"column":4},"end":{"line":326,"column":5}},"193":{"start":{"line":321,"column":6},"end":{"line":321,"column":33}},"194":{"start":{"line":322,"column":6},"end":{"line":325,"column":8}},"195":{"start":{"line":327,"column":4},"end":{"line":327,"column":29}},"196":{"start":{"line":329,"column":2},"end":{"line":329,"column":61}},"197":{"start":{"line":332,"column":2},"end":{"line":332,"column":30}},"198":{"start":{"line":333,"column":2},"end":{"line":333,"column":33}},"199":{"start":{"line":336,"column":0},"end":{"line":345,"column":2}}},"fnMap":{"0":{"name":"(anonymous_0)","decl":{"start":{"line":15,"column":34},"end":{"line":15,"column":35}},"loc":{"start":{"line":15,"column":39},"end":{"line":18,"column":1}},"line":15},"1":{"name":"(anonymous_1)","decl":{"start":{"line":103,"column":27},"end":{"line":103,"column":28}},"loc":{"start":{"line":103,"column":32},"end":{"line":105,"column":1}},"line":103},"2":{"name":"(anonymous_2)","decl":{"start":{"line":106,"column":25},"end":{"line":106,"column":26}},"loc":{"start":{"line":106,"column":30},"end":{"line":109,"column":1}},"line":106},"3":{"name":"(anonymous_3)","decl":{"start":{"line":112,"column":2},"end":{"line":112,"column":3}},"loc":{"start":{"line":112,"column":63},"end":{"line":138,"column":3}},"line":112},"4":{"name":"(anonymous_4)","decl":{"start":{"line":140,"column":2},"end":{"line":140,"column":3}},"loc":{"start":{"line":140,"column":19},"end":{"line":142,"column":3}},"line":140},"5":{"name":"(anonymous_5)","decl":{"start":{"line":144,"column":2},"end":{"line":144,"column":3}},"loc":{"start":{"line":144,"column":21},"end":{"line":146,"column":3}},"line":144},"6":{"name":"(anonymous_6)","decl":{"start":{"line":148,"column":2},"end":{"line":148,"column":3}},"loc":{"start":{"line":148,"column":19},"end":{"line":150,"column":3}},"line":148},"7":{"name":"(anonymous_7)","decl":{"start":{"line":152,"column":2},"end":{"line":152,"column":3}},"loc":{"start":{"line":152,"column":9},"end":{"line":158,"column":3}},"line":152},"8":{"name":"(anonymous_8)","decl":{"start":{"line":160,"column":2},"end":{"line":160,"column":3}},"loc":{"start":{"line":160,"column":23},"end":{"line":202,"column":3}},"line":160},"9":{"name":"(anonymous_9)","decl":{"start":{"line":180,"column":33},"end":{"line":180,"column":34}},"loc":{"start":{"line":180,"column":39},"end":{"line":180,"column":72}},"line":180},"10":{"name":"(anonymous_10)","decl":{"start":{"line":204,"column":2},"end":{"line":204,"column":3}},"loc":{"start":{"line":204,"column":16},"end":{"line":228,"column":3}},"line":204},"11":{"name":"(anonymous_11)","decl":{"start":{"line":230,"column":2},"end":{"line":230,"column":3}},"loc":{"start":{"line":230,"column":11},"end":{"line":233,"column":3}},"line":230},"12":{"name":"(anonymous_12)","decl":{"start":{"line":246,"column":13},"end":{"line":246,"column":14}},"loc":{"start":{"line":246,"column":19},"end":{"line":246,"column":43}},"line":246},"13":{"name":"(anonymous_13)","decl":{"start":{"line":247,"column":15},"end":{"line":247,"column":16}},"loc":{"start":{"line":247,"column":21},"end":{"line":247,"column":45}},"line":247},"14":{"name":"(anonymous_14)","decl":{"start":{"line":249,"column":11},"end":{"line":249,"column":12}},"loc":{"start":{"line":249,"column":17},"end":{"line":249,"column":41}},"line":249},"15":{"name":"(anonymous_15)","decl":{"start":{"line":250,"column":13},"end":{"line":250,"column":14}},"loc":{"start":{"line":250,"column":19},"end":{"line":250,"column":43}},"line":250},"16":{"name":"(anonymous_16)","decl":{"start":{"line":252,"column":14},"end":{"line":252,"column":15}},"loc":{"start":{"line":252,"column":20},"end":{"line":252,"column":44}},"line":252},"17":{"name":"(anonymous_17)","decl":{"start":{"line":253,"column":16},"end":{"line":253,"column":17}},"loc":{"start":{"line":253,"column":22},"end":{"line":253,"column":46}},"line":253},"18":{"name":"(anonymous_18)","decl":{"start":{"line":255,"column":13},"end":{"line":255,"column":14}},"loc":{"start":{"line":255,"column":19},"end":{"line":255,"column":43}},"line":255},"19":{"name":"(anonymous_19)","decl":{"start":{"line":256,"column":15},"end":{"line":256,"column":16}},"loc":{"start":{"line":256,"column":21},"end":{"line":256,"column":45}},"line":256},"20":{"name":"(anonymous_20)","decl":{"start":{"line":258,"column":21},"end":{"line":258,"column":22}},"loc":{"start":{"line":258,"column":27},"end":{"line":258,"column":52}},"line":258},"21":{"name":"MoveCreature","decl":{"start":{"line":260,"column":9},"end":{"line":260,"column":21}},"loc":{"start":{"line":260,"column":32},"end":{"line":275,"column":1}},"line":260},"22":{"name":"AnimatePlayer","decl":{"start":{"line":277,"column":9},"end":{"line":277,"column":22}},"loc":{"start":{"line":277,"column":31},"end":{"line":307,"column":1}},"line":277},"23":{"name":"animate","decl":{"start":{"line":315,"column":9},"end":{"line":315,"column":16}},"loc":{"start":{"line":315,"column":19},"end":{"line":334,"column":1}},"line":315}},"branchMap":{"0":{"loc":{"start":{"line":161,"column":4},"end":{"line":192,"column":5}},"type":"if","locations":[{"start":{"line":161,"column":4},"end":{"line":192,"column":5}},{"start":{"line":161,"column":4},"end":{"line":192,"column":5}}],"line":161},"1":{"loc":{"start":{"line":163,"column":8},"end":{"line":184,"column":9}},"type":"if","locations":[{"start":{"line":163,"column":8},"end":{"line":184,"column":9}},{"start":{"line":163,"column":8},"end":{"line":184,"column":9}}],"line":163},"2":{"loc":{"start":{"line":163,"column":12},"end":{"line":165,"column":72}},"type":"binary-expr","locations":[{"start":{"line":163,"column":12},"end":{"line":163,"column":37}},{"start":{"line":164,"column":11},"end":{"line":164,"column":70}},{"start":{"line":165,"column":12},"end":{"line":165,"column":71}}],"line":163},"3":{"loc":{"start":{"line":185,"column":8},"end":{"line":190,"column":9}},"type":"if","locations":[{"start":{"line":185,"column":8},"end":{"line":190,"column":9}},{"start":{"line":185,"column":8},"end":{"line":190,"column":9}}],"line":185},"4":{"loc":{"start":{"line":193,"column":4},"end":{"line":201,"column":5}},"type":"if","locations":[{"start":{"line":193,"column":4},"end":{"line":201,"column":5}},{"start":{"line":193,"column":4},"end":{"line":201,"column":5}}],"line":193},"5":{"loc":{"start":{"line":193,"column":8},"end":{"line":193,"column":51}},"type":"binary-expr","locations":[{"start":{"line":193,"column":8},"end":{"line":193,"column":24}},{"start":{"line":193,"column":28},"end":{"line":193,"column":51}}],"line":193},"6":{"loc":{"start":{"line":196,"column":11},"end":{"line":201,"column":5}},"type":"if","locations":[{"start":{"line":196,"column":11},"end":{"line":201,"column":5}},{"start":{"line":196,"column":11},"end":{"line":201,"column":5}}],"line":196},"7":{"loc":{"start":{"line":196,"column":15},"end":{"line":196,"column":60}},"type":"binary-expr","locations":[{"start":{"line":196,"column":15},"end":{"line":196,"column":31}},{"start":{"line":196,"column":35},"end":{"line":196,"column":60}}],"line":196},"8":{"loc":{"start":{"line":205,"column":4},"end":{"line":227,"column":5}},"type":"if","locations":[{"start":{"line":205,"column":4},"end":{"line":227,"column":5}},{"start":{"line":205,"column":4},"end":{"line":227,"column":5}}],"line":205},"9":{"loc":{"start":{"line":205,"column":8},"end":{"line":205,"column":49}},"type":"binary-expr","locations":[{"start":{"line":205,"column":8},"end":{"line":205,"column":25}},{"start":{"line":205,"column":29},"end":{"line":205,"column":49}}],"line":205},"10":{"loc":{"start":{"line":224,"column":11},"end":{"line":227,"column":5}},"type":"if","locations":[{"start":{"line":224,"column":11},"end":{"line":227,"column":5}},{"start":{"line":224,"column":11},"end":{"line":227,"column":5}}],"line":224},"11":{"loc":{"start":{"line":224,"column":15},"end":{"line":224,"column":58}},"type":"binary-expr","locations":[{"start":{"line":224,"column":15},"end":{"line":224,"column":32}},{"start":{"line":224,"column":36},"end":{"line":224,"column":58}}],"line":224},"12":{"loc":{"start":{"line":263,"column":2},"end":{"line":268,"column":3}},"type":"if","locations":[{"start":{"line":263,"column":2},"end":{"line":268,"column":3}},{"start":{"line":263,"column":2},"end":{"line":268,"column":3}}],"line":263},"13":{"loc":{"start":{"line":263,"column":6},"end":{"line":265,"column":70}},"type":"binary-expr","locations":[{"start":{"line":263,"column":6},"end":{"line":263,"column":45}},{"start":{"line":264,"column":6},"end":{"line":264,"column":47}},{"start":{"line":264,"column":53},"end":{"line":264,"column":67}},{"start":{"line":265,"column":6},"end":{"line":265,"column":48}},{"start":{"line":265,"column":54},"end":{"line":265,"column":68}}],"line":263},"14":{"loc":{"start":{"line":269,"column":2},"end":{"line":274,"column":3}},"type":"if","locations":[{"start":{"line":269,"column":2},"end":{"line":274,"column":3}},{"start":{"line":269,"column":2},"end":{"line":274,"column":3}}],"line":269},"15":{"loc":{"start":{"line":269,"column":6},"end":{"line":271,"column":69}},"type":"binary-expr","locations":[{"start":{"line":269,"column":6},"end":{"line":269,"column":45}},{"start":{"line":270,"column":6},"end":{"line":270,"column":46}},{"start":{"line":270,"column":52},"end":{"line":270,"column":66}},{"start":{"line":271,"column":6},"end":{"line":271,"column":47}},{"start":{"line":271,"column":53},"end":{"line":271,"column":67}}],"line":269},"16":{"loc":{"start":{"line":281,"column":12},"end":{"line":281,"column":48}},"type":"cond-expr","locations":[{"start":{"line":281,"column":43},"end":{"line":281,"column":44}},{"start":{"line":281,"column":47},"end":{"line":281,"column":48}}],"line":281},"17":{"loc":{"start":{"line":284,"column":2},"end":{"line":299,"column":3}},"type":"if","locations":[{"start":{"line":284,"column":2},"end":{"line":299,"column":3}},{"start":{"line":284,"column":2},"end":{"line":299,"column":3}}],"line":284},"18":{"loc":{"start":{"line":285,"column":4},"end":{"line":293,"column":5}},"type":"if","locations":[{"start":{"line":285,"column":4},"end":{"line":293,"column":5}},{"start":{"line":285,"column":4},"end":{"line":293,"column":5}}],"line":285},"19":{"loc":{"start":{"line":318,"column":2},"end":{"line":328,"column":3}},"type":"if","locations":[{"start":{"line":318,"column":2},"end":{"line":328,"column":3}},{"start":{"line":318,"column":2},"end":{"line":328,"column":3}}],"line":318},"20":{"loc":{"start":{"line":320,"column":4},"end":{"line":326,"column":5}},"type":"if","locations":[{"start":{"line":320,"column":4},"end":{"line":326,"column":5}},{"start":{"line":320,"column":4},"end":{"line":326,"column":5}}],"line":320}},"s":{"0":1,"1":1,"2":1,"3":0,"4":0,"5":1,"6":1,"7":1,"8":1,"9":1,"10":1,"11":1,"12":6,"13":6,"14":1,"15":1,"16":1,"17":6,"18":6,"19":1,"20":1,"21":1,"22":6,"23":6,"24":1,"25":1,"26":1,"27":1,"28":1,"29":1,"30":1,"31":1,"32":1,"33":1,"34":1,"35":1,"36":1,"37":1,"38":1,"39":1,"40":1,"41":1,"42":1,"43":1,"44":1,"45":1,"46":1,"47":1,"48":1,"49":1,"50":1,"51":1,"52":1,"53":1,"54":1,"55":1,"56":1,"57":1,"58":1,"59":1,"60":0,"61":1,"62":0,"63":0,"64":1,"65":1,"66":1,"67":1,"68":1,"69":1,"70":1,"71":1,"72":1,"73":1,"74":1,"75":1,"76":10,"77":10,"78":10,"79":10,"80":10,"81":10,"82":10,"83":10,"84":10,"85":6,"86":14,"87":92,"88":11,"89":11,"90":11,"91":11,"92":11,"93":105,"94":104,"95":104,"96":1040,"97":10,"98":10,"99":10,"100":10,"101":10,"102":10,"103":10,"104":10,"105":10,"106":10,"107":10,"108":10,"109":0,"110":10,"111":10,"112":1040,"113":557,"114":557,"115":105,"116":80,"117":80,"118":25,"119":1,"120":1,"121":1,"122":1,"123":14,"124":11,"125":11,"126":11,"127":11,"128":11,"129":11,"130":11,"131":11,"132":11,"133":11,"134":11,"135":3,"136":3,"137":3,"138":1,"139":1,"140":1,"141":1,"142":1,"143":1,"144":1,"145":1,"146":0,"147":1,"148":0,"149":1,"150":0,"151":1,"152":0,"153":1,"154":0,"155":1,"156":0,"157":1,"158":0,"159":1,"160":0,"161":1,"162":0,"163":1,"164":1,"165":1,"166":1,"167":1,"168":3,"169":3,"170":3,"171":3,"172":3,"173":3,"174":1,"175":1,"176":1,"177":2,"178":2,"179":2,"180":3,"181":3,"182":3,"183":3,"184":3,"185":1,"186":1,"187":1,"188":1,"189":1,"190":1,"191":1,"192":0,"193":0,"194":0,"195":0,"196":1,"197":1,"198":1,"199":1},"f":{"0":0,"1":0,"2":0,"3":1,"4":6,"5":14,"6":92,"7":11,"8":105,"9":0,"10":14,"11":1,"12":0,"13":0,"14":0,"15":0,"16":0,"17":0,"18":0,"19":0,"20":0,"21":1,"22":3,"23":1},"b":{"0":[104,1],"1":[10,1030],"2":[1040,567,565],"3":[557,483],"4":[80,25],"5":[105,81],"6":[1,24],"7":[25,1],"8":[11,3],"9":[14,14],"10":[3,0],"11":[3,3],"12":[1,0],"13":[1,1,0,1,1],"14":[1,0],"15":[1,1,0,1,1],"16":[1,2],"17":[3,0],"18":[1,2],"19":[0,1],"20":[0,0]},"_coverageSchema":"1a1c01bbd47fc00a2c39e90264f33305004495a9","hash":"4bc03b6e4944fb8dd92cef9883f7ee8fe0140083"}
,"C:\\Users\\nikit\\Documents\\Rage-Party\\src\\scripts\\keyboard.js": {"path":"C:\\Users\\nikit\\Documents\\Rage-Party\\src\\scripts\\keyboard.js","statementMap":{"0":{"start":{"line":2,"column":14},"end":{"line":2,"column":16}},"1":{"start":{"line":3,"column":2},"end":{"line":3,"column":20}},"2":{"start":{"line":4,"column":2},"end":{"line":4,"column":21}},"3":{"start":{"line":5,"column":2},"end":{"line":5,"column":18}},"4":{"start":{"line":6,"column":2},"end":{"line":6,"column":24}},"5":{"start":{"line":7,"column":2},"end":{"line":7,"column":26}},"6":{"start":{"line":9,"column":2},"end":{"line":16,"column":4}},"7":{"start":{"line":10,"column":4},"end":{"line":15,"column":5}},"8":{"start":{"line":11,"column":6},"end":{"line":11,"column":45}},"9":{"start":{"line":11,"column":33},"end":{"line":11,"column":45}},"10":{"start":{"line":12,"column":6},"end":{"line":12,"column":24}},"11":{"start":{"line":13,"column":6},"end":{"line":13,"column":23}},"12":{"start":{"line":14,"column":6},"end":{"line":14,"column":29}},"13":{"start":{"line":19,"column":2},"end":{"line":26,"column":4}},"14":{"start":{"line":20,"column":4},"end":{"line":25,"column":5}},"15":{"start":{"line":21,"column":6},"end":{"line":21,"column":51}},"16":{"start":{"line":21,"column":37},"end":{"line":21,"column":51}},"17":{"start":{"line":22,"column":6},"end":{"line":22,"column":25}},"18":{"start":{"line":23,"column":6},"end":{"line":23,"column":22}},"19":{"start":{"line":24,"column":6},"end":{"line":24,"column":29}},"20":{"start":{"line":29,"column":23},"end":{"line":29,"column":48}},"21":{"start":{"line":30,"column":21},"end":{"line":30,"column":44}},"22":{"start":{"line":32,"column":2},"end":{"line":34,"column":4}},"23":{"start":{"line":35,"column":2},"end":{"line":37,"column":4}},"24":{"start":{"line":39,"column":2},"end":{"line":39,"column":13}},"25":{"start":{"line":42,"column":20},"end":{"line":42,"column":36}},"26":{"start":{"line":43,"column":7},"end":{"line":43,"column":23}},"27":{"start":{"line":44,"column":10},"end":{"line":44,"column":26}},"28":{"start":{"line":45,"column":9},"end":{"line":45,"column":25}},"29":{"start":{"line":46,"column":17},"end":{"line":46,"column":33}}},"fnMap":{"0":{"name":"keyboard","decl":{"start":{"line":1,"column":16},"end":{"line":1,"column":24}},"loc":{"start":{"line":1,"column":32},"end":{"line":40,"column":1}},"line":1},"1":{"name":"(anonymous_1)","decl":{"start":{"line":9,"column":20},"end":{"line":9,"column":21}},"loc":{"start":{"line":9,"column":29},"end":{"line":16,"column":3}},"line":9},"2":{"name":"(anonymous_2)","decl":{"start":{"line":19,"column":18},"end":{"line":19,"column":19}},"loc":{"start":{"line":19,"column":27},"end":{"line":26,"column":3}},"line":19}},"branchMap":{"0":{"loc":{"start":{"line":10,"column":4},"end":{"line":15,"column":5}},"type":"if","locations":[{"start":{"line":10,"column":4},"end":{"line":15,"column":5}},{"start":{"line":10,"column":4},"end":{"line":15,"column":5}}],"line":10},"1":{"loc":{"start":{"line":11,"column":6},"end":{"line":11,"column":45}},"type":"if","locations":[{"start":{"line":11,"column":6},"end":{"line":11,"column":45}},{"start":{"line":11,"column":6},"end":{"line":11,"column":45}}],"line":11},"2":{"loc":{"start":{"line":11,"column":10},"end":{"line":11,"column":31}},"type":"binary-expr","locations":[{"start":{"line":11,"column":10},"end":{"line":11,"column":18}},{"start":{"line":11,"column":22},"end":{"line":11,"column":31}}],"line":11},"3":{"loc":{"start":{"line":20,"column":4},"end":{"line":25,"column":5}},"type":"if","locations":[{"start":{"line":20,"column":4},"end":{"line":25,"column":5}},{"start":{"line":20,"column":4},"end":{"line":25,"column":5}}],"line":20},"4":{"loc":{"start":{"line":21,"column":6},"end":{"line":21,"column":51}},"type":"if","locations":[{"start":{"line":21,"column":6},"end":{"line":21,"column":51}},{"start":{"line":21,"column":6},"end":{"line":21,"column":51}}],"line":21},"5":{"loc":{"start":{"line":21,"column":10},"end":{"line":21,"column":35}},"type":"binary-expr","locations":[{"start":{"line":21,"column":10},"end":{"line":21,"column":20}},{"start":{"line":21,"column":24},"end":{"line":21,"column":35}}],"line":21}},"s":{"0":11,"1":11,"2":11,"3":11,"4":11,"5":11,"6":11,"7":6,"8":2,"9":1,"10":2,"11":2,"12":2,"13":11,"14":6,"15":2,"16":1,"17":2,"18":2,"19":2,"20":11,"21":11,"22":11,"23":11,"24":11,"25":2,"26":2,"27":2,"28":2,"29":2},"f":{"0":11,"1":6,"2":6},"b":{"0":[2,4],"1":[1,1],"2":[2,2],"3":[2,4],"4":[1,1],"5":[2,2]},"_coverageSchema":"1a1c01bbd47fc00a2c39e90264f33305004495a9","hash":"9ee4212953eb96c96dc84ee116556be1ed0722e5"}
}
