{"C:\\Users\\nikit\\Documents\\Rage-Party\\index.js": {"path":"C:\\Users\\nikit\\Documents\\Rage-Party\\index.js","statementMap":{"0":{"start":{"line":3,"column":16},"end":{"line":3,"column":52}},"1":{"start":{"line":4,"column":13},"end":{"line":4,"column":28}},"2":{"start":{"line":5,"column":13},"end":{"line":5,"column":37}},"3":{"start":{"line":6,"column":13},"end":{"line":6,"column":52}},"4":{"start":{"line":8,"column":0},"end":{"line":11,"column":3}},"5":{"start":{"line":14,"column":0},"end":{"line":15,"column":34}},"6":{"start":{"line":15,"column":3},"end":{"line":15,"column":31}},"7":{"start":{"line":17,"column":0},"end":{"line":19,"column":3}},"8":{"start":{"line":18,"column":2},"end":{"line":18,"column":29}},"9":{"start":{"line":21,"column":0},"end":{"line":24,"column":3}},"10":{"start":{"line":22,"column":2},"end":{"line":22,"column":39}},"11":{"start":{"line":27,"column":14},"end":{"line":35,"column":1}},"12":{"start":{"line":28,"column":2},"end":{"line":34,"column":3}},"13":{"start":{"line":29,"column":4},"end":{"line":29,"column":37}},"14":{"start":{"line":30,"column":4},"end":{"line":30,"column":77}},"15":{"start":{"line":32,"column":4},"end":{"line":32,"column":27}},"16":{"start":{"line":33,"column":4},"end":{"line":33,"column":20}},"17":{"start":{"line":36,"column":0},"end":{"line":36,"column":8}},"18":{"start":{"line":38,"column":0},"end":{"line":40,"column":2}}},"fnMap":{"0":{"name":"(anonymous_0)","decl":{"start":{"line":14,"column":17},"end":{"line":14,"column":18}},"loc":{"start":{"line":15,"column":3},"end":{"line":15,"column":31}},"line":15},"1":{"name":"(anonymous_1)","decl":{"start":{"line":17,"column":25},"end":{"line":17,"column":26}},"loc":{"start":{"line":17,"column":51},"end":{"line":19,"column":1}},"line":17},"2":{"name":"(anonymous_2)","decl":{"start":{"line":21,"column":22},"end":{"line":21,"column":23}},"loc":{"start":{"line":21,"column":48},"end":{"line":24,"column":1}},"line":21},"3":{"name":"(anonymous_3)","decl":{"start":{"line":27,"column":14},"end":{"line":27,"column":15}},"loc":{"start":{"line":27,"column":26},"end":{"line":35,"column":1}},"line":27}},"branchMap":{"0":{"loc":{"start":{"line":5,"column":13},"end":{"line":5,"column":37}},"type":"binary-expr","locations":[{"start":{"line":5,"column":13},"end":{"line":5,"column":29}},{"start":{"line":5,"column":33},"end":{"line":5,"column":37}}],"line":5},"1":{"loc":{"start":{"line":6,"column":13},"end":{"line":6,"column":52}},"type":"cond-expr","locations":[{"start":{"line":6,"column":29},"end":{"line":6,"column":40}},{"start":{"line":6,"column":43},"end":{"line":6,"column":52}}],"line":6}},"s":{"0":1,"1":1,"2":1,"3":1,"4":1,"5":1,"6":1,"7":1,"8":1,"9":1,"10":1,"11":1,"12":1,"13":1,"14":1,"15":0,"16":0,"17":1,"18":1},"f":{"0":1,"1":1,"2":1,"3":1},"b":{"0":[1,1],"1":[1,0]},"_coverageSchema":"1a1c01bbd47fc00a2c39e90264f33305004495a9","hash":"8919b3b054d26800958e7ebdf926011b963cea78"}
,"C:\\Users\\nikit\\Documents\\Rage-Party\\src\\scripts\\contain.js": {"path":"C:\\Users\\nikit\\Documents\\Rage-Party\\src\\scripts\\contain.js","statementMap":{"0":{"start":{"line":1,"column":29},"end":{"line":7,"column":1}},"1":{"start":{"line":11,"column":20},"end":{"line":14,"column":3}},"2":{"start":{"line":17,"column":2},"end":{"line":19,"column":3}},"3":{"start":{"line":18,"column":4},"end":{"line":18,"column":37}},"4":{"start":{"line":22,"column":2},"end":{"line":25,"column":3}},"5":{"start":{"line":24,"column":4},"end":{"line":24,"column":38}},"6":{"start":{"line":28,"column":2},"end":{"line":30,"column":3}},"7":{"start":{"line":29,"column":4},"end":{"line":29,"column":36}},"8":{"start":{"line":33,"column":2},"end":{"line":36,"column":3}},"9":{"start":{"line":35,"column":4},"end":{"line":35,"column":37}},"10":{"start":{"line":38,"column":2},"end":{"line":38,"column":19}}},"fnMap":{"0":{"name":"contain","decl":{"start":{"line":9,"column":16},"end":{"line":9,"column":23}},"loc":{"start":{"line":9,"column":43},"end":{"line":39,"column":1}},"line":9}},"branchMap":{"0":{"loc":{"start":{"line":17,"column":2},"end":{"line":19,"column":3}},"type":"if","locations":[{"start":{"line":17,"column":2},"end":{"line":19,"column":3}},{"start":{"line":17,"column":2},"end":{"line":19,"column":3}}],"line":17},"1":{"loc":{"start":{"line":22,"column":2},"end":{"line":25,"column":3}},"type":"if","locations":[{"start":{"line":22,"column":2},"end":{"line":25,"column":3}},{"start":{"line":22,"column":2},"end":{"line":25,"column":3}}],"line":22},"2":{"loc":{"start":{"line":28,"column":2},"end":{"line":30,"column":3}},"type":"if","locations":[{"start":{"line":28,"column":2},"end":{"line":30,"column":3}},{"start":{"line":28,"column":2},"end":{"line":30,"column":3}}],"line":28},"3":{"loc":{"start":{"line":33,"column":2},"end":{"line":36,"column":3}},"type":"if","locations":[{"start":{"line":33,"column":2},"end":{"line":36,"column":3}},{"start":{"line":33,"column":2},"end":{"line":36,"column":3}}],"line":33}},"s":{"0":2,"1":1136,"2":1136,"3":2,"4":1136,"5":3,"6":1136,"7":17,"8":1136,"9":3,"10":1136},"f":{"0":1136},"b":{"0":[2,1134],"1":[3,1133],"2":[17,1119],"3":[3,1133]},"_coverageSchema":"1a1c01bbd47fc00a2c39e90264f33305004495a9","hash":"8236fb1b22bea5d110071a7b3006ce71b9d67a59"}
,"C:\\Users\\nikit\\Documents\\Rage-Party\\src\\scripts\\game.js": {"path":"C:\\Users\\nikit\\Documents\\Rage-Party\\src\\scripts\\game.js","statementMap":{"0":{"start":{"line":7,"column":2},"end":{"line":12,"column":4}},"1":{"start":{"line":13,"column":0},"end":{"line":13,"column":41}},"2":{"start":{"line":15,"column":0},"end":{"line":17,"column":3}},"3":{"start":{"line":16,"column":2},"end":{"line":16,"column":31}},"4":{"start":{"line":20,"column":19},"end":{"line":20,"column":39}},"5":{"start":{"line":23,"column":22},"end":{"line":23,"column":60}},"6":{"start":{"line":24,"column":19},"end":{"line":24,"column":65}},"7":{"start":{"line":25,"column":20},"end":{"line":25,"column":64}},"8":{"start":{"line":26,"column":26},"end":{"line":26,"column":28}},"9":{"start":{"line":27,"column":0},"end":{"line":31,"column":1}},"10":{"start":{"line":27,"column":13},"end":{"line":27,"column":14}},"11":{"start":{"line":28,"column":18},"end":{"line":29,"column":55}},"12":{"start":{"line":30,"column":2},"end":{"line":30,"column":34}},"13":{"start":{"line":32,"column":22},"end":{"line":32,"column":24}},"14":{"start":{"line":33,"column":0},"end":{"line":37,"column":1}},"15":{"start":{"line":33,"column":13},"end":{"line":33,"column":14}},"16":{"start":{"line":34,"column":18},"end":{"line":35,"column":47}},"17":{"start":{"line":36,"column":2},"end":{"line":36,"column":30}},"18":{"start":{"line":38,"column":23},"end":{"line":38,"column":25}},"19":{"start":{"line":39,"column":0},"end":{"line":43,"column":1}},"20":{"start":{"line":39,"column":13},"end":{"line":39,"column":14}},"21":{"start":{"line":40,"column":18},"end":{"line":41,"column":48}},"22":{"start":{"line":42,"column":2},"end":{"line":42,"column":31}},"23":{"start":{"line":44,"column":24},"end":{"line":45,"column":37}},"24":{"start":{"line":46,"column":25},"end":{"line":47,"column":38}},"25":{"start":{"line":48,"column":26},"end":{"line":48,"column":71}},"26":{"start":{"line":49,"column":23},"end":{"line":49,"column":69}},"27":{"start":{"line":50,"column":0},"end":{"line":50,"column":30}},"28":{"start":{"line":51,"column":0},"end":{"line":51,"column":31}},"29":{"start":{"line":53,"column":22},"end":{"line":58,"column":2}},"30":{"start":{"line":59,"column":20},"end":{"line":64,"column":2}},"31":{"start":{"line":65,"column":21},"end":{"line":65,"column":60}},"32":{"start":{"line":66,"column":0},"end":{"line":66,"column":41}},"33":{"start":{"line":67,"column":0},"end":{"line":67,"column":41}},"34":{"start":{"line":68,"column":19},"end":{"line":68,"column":70}},"35":{"start":{"line":69,"column":0},"end":{"line":69,"column":39}},"36":{"start":{"line":70,"column":0},"end":{"line":70,"column":39}},"37":{"start":{"line":71,"column":0},"end":{"line":71,"column":27}},"38":{"start":{"line":74,"column":0},"end":{"line":74,"column":64}},"39":{"start":{"line":77,"column":16},"end":{"line":77,"column":43}},"40":{"start":{"line":78,"column":0},"end":{"line":78,"column":22}},"41":{"start":{"line":79,"column":0},"end":{"line":79,"column":22}},"42":{"start":{"line":80,"column":0},"end":{"line":80,"column":23}},"43":{"start":{"line":81,"column":0},"end":{"line":81,"column":23}},"44":{"start":{"line":83,"column":0},"end":{"line":83,"column":29}},"45":{"start":{"line":86,"column":13},"end":{"line":86,"column":46}},"46":{"start":{"line":88,"column":0},"end":{"line":88,"column":39}},"47":{"start":{"line":89,"column":0},"end":{"line":89,"column":40}},"48":{"start":{"line":90,"column":0},"end":{"line":90,"column":14}},"49":{"start":{"line":91,"column":0},"end":{"line":91,"column":14}},"50":{"start":{"line":92,"column":0},"end":{"line":92,"column":25}},"51":{"start":{"line":93,"column":0},"end":{"line":93,"column":21}},"52":{"start":{"line":94,"column":0},"end":{"line":94,"column":21}},"53":{"start":{"line":96,"column":19},"end":{"line":96,"column":21}},"54":{"start":{"line":97,"column":0},"end":{"line":97,"column":24}},"55":{"start":{"line":98,"column":0},"end":{"line":98,"column":36}},"56":{"start":{"line":100,"column":0},"end":{"line":100,"column":28}},"57":{"start":{"line":101,"column":0},"end":{"line":101,"column":30}},"58":{"start":{"line":102,"column":0},"end":{"line":104,"column":3}},"59":{"start":{"line":103,"column":2},"end":{"line":103,"column":25}},"60":{"start":{"line":105,"column":0},"end":{"line":108,"column":3}},"61":{"start":{"line":106,"column":2},"end":{"line":106,"column":26}},"62":{"start":{"line":107,"column":2},"end":{"line":107,"column":38}},"63":{"start":{"line":112,"column":4},"end":{"line":112,"column":27}},"64":{"start":{"line":113,"column":4},"end":{"line":113,"column":25}},"65":{"start":{"line":115,"column":4},"end":{"line":115,"column":24}},"66":{"start":{"line":116,"column":4},"end":{"line":116,"column":31}},"67":{"start":{"line":117,"column":4},"end":{"line":117,"column":36}},"68":{"start":{"line":118,"column":4},"end":{"line":118,"column":29}},"69":{"start":{"line":120,"column":4},"end":{"line":120,"column":63}},"70":{"start":{"line":122,"column":4},"end":{"line":122,"column":35}},"71":{"start":{"line":123,"column":4},"end":{"line":123,"column":29}},"72":{"start":{"line":124,"column":4},"end":{"line":124,"column":38}},"73":{"start":{"line":126,"column":4},"end":{"line":136,"column":5}},"74":{"start":{"line":126,"column":17},"end":{"line":126,"column":18}},"75":{"start":{"line":127,"column":21},"end":{"line":127,"column":50}},"76":{"start":{"line":128,"column":6},"end":{"line":128,"column":28}},"77":{"start":{"line":129,"column":6},"end":{"line":129,"column":28}},"78":{"start":{"line":130,"column":6},"end":{"line":130,"column":29}},"79":{"start":{"line":131,"column":6},"end":{"line":131,"column":27}},"80":{"start":{"line":132,"column":6},"end":{"line":132,"column":27}},"81":{"start":{"line":133,"column":6},"end":{"line":133,"column":46}},"82":{"start":{"line":134,"column":6},"end":{"line":134,"column":35}},"83":{"start":{"line":135,"column":6},"end":{"line":135,"column":34}},"84":{"start":{"line":140,"column":4},"end":{"line":140,"column":28}},"85":{"start":{"line":144,"column":4},"end":{"line":144,"column":23}},"86":{"start":{"line":148,"column":4},"end":{"line":148,"column":28}},"87":{"start":{"line":152,"column":4},"end":{"line":152,"column":23}},"88":{"start":{"line":153,"column":23},"end":{"line":153,"column":44}},"89":{"start":{"line":154,"column":4},"end":{"line":154,"column":30}},"90":{"start":{"line":155,"column":4},"end":{"line":155,"column":40}},"91":{"start":{"line":156,"column":4},"end":{"line":156,"column":22}},"92":{"start":{"line":160,"column":4},"end":{"line":189,"column":5}},"93":{"start":{"line":161,"column":6},"end":{"line":188,"column":7}},"94":{"start":{"line":161,"column":19},"end":{"line":161,"column":45}},"95":{"start":{"line":162,"column":8},"end":{"line":181,"column":9}},"96":{"start":{"line":165,"column":10},"end":{"line":165,"column":45}},"97":{"start":{"line":167,"column":28},"end":{"line":167,"column":77}},"98":{"start":{"line":169,"column":10},"end":{"line":169,"column":45}},"99":{"start":{"line":170,"column":10},"end":{"line":170,"column":45}},"100":{"start":{"line":171,"column":10},"end":{"line":171,"column":36}},"101":{"start":{"line":172,"column":10},"end":{"line":172,"column":55}},"102":{"start":{"line":173,"column":10},"end":{"line":173,"column":57}},"103":{"start":{"line":174,"column":10},"end":{"line":174,"column":33}},"104":{"start":{"line":175,"column":10},"end":{"line":175,"column":41}},"105":{"start":{"line":176,"column":10},"end":{"line":176,"column":27}},"106":{"start":{"line":177,"column":10},"end":{"line":177,"column":73}},"107":{"start":{"line":177,"column":39},"end":{"line":177,"column":72}},"108":{"start":{"line":178,"column":10},"end":{"line":178,"column":41}},"109":{"start":{"line":180,"column":10},"end":{"line":180,"column":44}},"110":{"start":{"line":182,"column":8},"end":{"line":187,"column":9}},"111":{"start":{"line":183,"column":10},"end":{"line":184,"column":56}},"112":{"start":{"line":185,"column":10},"end":{"line":186,"column":56}},"113":{"start":{"line":190,"column":4},"end":{"line":198,"column":5}},"114":{"start":{"line":191,"column":6},"end":{"line":191,"column":31}},"115":{"start":{"line":192,"column":6},"end":{"line":192,"column":28}},"116":{"start":{"line":193,"column":11},"end":{"line":198,"column":5}},"117":{"start":{"line":194,"column":6},"end":{"line":194,"column":31}},"118":{"start":{"line":195,"column":6},"end":{"line":195,"column":37}},"119":{"start":{"line":196,"column":6},"end":{"line":196,"column":65}},"120":{"start":{"line":197,"column":6},"end":{"line":197,"column":33}},"121":{"start":{"line":202,"column":4},"end":{"line":224,"column":5}},"122":{"start":{"line":203,"column":21},"end":{"line":203,"column":32}},"123":{"start":{"line":204,"column":6},"end":{"line":204,"column":25}},"124":{"start":{"line":206,"column":6},"end":{"line":206,"column":65}},"125":{"start":{"line":208,"column":6},"end":{"line":208,"column":41}},"126":{"start":{"line":209,"column":6},"end":{"line":209,"column":41}},"127":{"start":{"line":211,"column":21},"end":{"line":213,"column":48}},"128":{"start":{"line":214,"column":6},"end":{"line":214,"column":35}},"129":{"start":{"line":215,"column":6},"end":{"line":215,"column":35}},"130":{"start":{"line":217,"column":6},"end":{"line":217,"column":54}},"131":{"start":{"line":218,"column":6},"end":{"line":218,"column":55}},"132":{"start":{"line":220,"column":6},"end":{"line":220,"column":27}},"133":{"start":{"line":221,"column":11},"end":{"line":224,"column":5}},"134":{"start":{"line":222,"column":6},"end":{"line":222,"column":48}},"135":{"start":{"line":223,"column":6},"end":{"line":223,"column":32}},"136":{"start":{"line":228,"column":4},"end":{"line":228,"column":28}},"137":{"start":{"line":229,"column":4},"end":{"line":229,"column":43}},"138":{"start":{"line":233,"column":21},"end":{"line":233,"column":23}},"139":{"start":{"line":234,"column":20},"end":{"line":234,"column":21}},"140":{"start":{"line":235,"column":20},"end":{"line":235,"column":22}},"141":{"start":{"line":238,"column":2},"end":{"line":238,"column":71}},"142":{"start":{"line":241,"column":20},"end":{"line":241,"column":21}},"143":{"start":{"line":243,"column":0},"end":{"line":243,"column":44}},"144":{"start":{"line":243,"column":19},"end":{"line":243,"column":43}},"145":{"start":{"line":244,"column":0},"end":{"line":244,"column":46}},"146":{"start":{"line":244,"column":21},"end":{"line":244,"column":45}},"147":{"start":{"line":246,"column":0},"end":{"line":246,"column":42}},"148":{"start":{"line":246,"column":17},"end":{"line":246,"column":41}},"149":{"start":{"line":247,"column":0},"end":{"line":247,"column":44}},"150":{"start":{"line":247,"column":19},"end":{"line":247,"column":43}},"151":{"start":{"line":249,"column":0},"end":{"line":249,"column":45}},"152":{"start":{"line":249,"column":20},"end":{"line":249,"column":44}},"153":{"start":{"line":250,"column":0},"end":{"line":250,"column":47}},"154":{"start":{"line":250,"column":22},"end":{"line":250,"column":46}},"155":{"start":{"line":252,"column":0},"end":{"line":252,"column":44}},"156":{"start":{"line":252,"column":19},"end":{"line":252,"column":43}},"157":{"start":{"line":253,"column":0},"end":{"line":253,"column":46}},"158":{"start":{"line":253,"column":21},"end":{"line":253,"column":45}},"159":{"start":{"line":255,"column":0},"end":{"line":255,"column":53}},"160":{"start":{"line":255,"column":27},"end":{"line":255,"column":52}},"161":{"start":{"line":258,"column":27},"end":{"line":258,"column":53}},"162":{"start":{"line":260,"column":2},"end":{"line":265,"column":3}},"163":{"start":{"line":264,"column":4},"end":{"line":264,"column":30}},"164":{"start":{"line":266,"column":2},"end":{"line":271,"column":3}},"165":{"start":{"line":270,"column":4},"end":{"line":270,"column":30}},"166":{"start":{"line":276,"column":12},"end":{"line":276,"column":20}},"167":{"start":{"line":277,"column":8},"end":{"line":277,"column":16}},"168":{"start":{"line":278,"column":12},"end":{"line":278,"column":48}},"169":{"start":{"line":280,"column":2},"end":{"line":293,"column":3}},"170":{"start":{"line":281,"column":4},"end":{"line":287,"column":5}},"171":{"start":{"line":282,"column":6},"end":{"line":282,"column":34}},"172":{"start":{"line":283,"column":6},"end":{"line":283,"column":20}},"173":{"start":{"line":285,"column":6},"end":{"line":285,"column":33}},"174":{"start":{"line":286,"column":6},"end":{"line":286,"column":20}},"175":{"start":{"line":294,"column":2},"end":{"line":294,"column":15}},"176":{"start":{"line":295,"column":2},"end":{"line":295,"column":15}},"177":{"start":{"line":296,"column":2},"end":{"line":296,"column":30}},"178":{"start":{"line":298,"column":2},"end":{"line":298,"column":16}},"179":{"start":{"line":301,"column":0},"end":{"line":301,"column":34}},"180":{"start":{"line":302,"column":0},"end":{"line":302,"column":32}},"181":{"start":{"line":305,"column":0},"end":{"line":305,"column":29}},"182":{"start":{"line":306,"column":0},"end":{"line":306,"column":10}},"183":{"start":{"line":308,"column":2},"end":{"line":308,"column":23}},"184":{"start":{"line":309,"column":2},"end":{"line":309,"column":40}},"185":{"start":{"line":310,"column":2},"end":{"line":320,"column":3}},"186":{"start":{"line":312,"column":4},"end":{"line":318,"column":5}},"187":{"start":{"line":313,"column":6},"end":{"line":313,"column":33}},"188":{"start":{"line":314,"column":6},"end":{"line":317,"column":8}},"189":{"start":{"line":319,"column":4},"end":{"line":319,"column":29}},"190":{"start":{"line":321,"column":2},"end":{"line":321,"column":61}},"191":{"start":{"line":324,"column":2},"end":{"line":324,"column":30}},"192":{"start":{"line":325,"column":2},"end":{"line":325,"column":33}},"193":{"start":{"line":328,"column":0},"end":{"line":337,"column":2}}},"fnMap":{"0":{"name":"(anonymous_0)","decl":{"start":{"line":15,"column":34},"end":{"line":15,"column":35}},"loc":{"start":{"line":15,"column":39},"end":{"line":17,"column":1}},"line":15},"1":{"name":"(anonymous_1)","decl":{"start":{"line":102,"column":27},"end":{"line":102,"column":28}},"loc":{"start":{"line":102,"column":32},"end":{"line":104,"column":1}},"line":102},"2":{"name":"(anonymous_2)","decl":{"start":{"line":105,"column":25},"end":{"line":105,"column":26}},"loc":{"start":{"line":105,"column":30},"end":{"line":108,"column":1}},"line":105},"3":{"name":"(anonymous_3)","decl":{"start":{"line":111,"column":2},"end":{"line":111,"column":3}},"loc":{"start":{"line":111,"column":63},"end":{"line":137,"column":3}},"line":111},"4":{"name":"(anonymous_4)","decl":{"start":{"line":139,"column":2},"end":{"line":139,"column":3}},"loc":{"start":{"line":139,"column":19},"end":{"line":141,"column":3}},"line":139},"5":{"name":"(anonymous_5)","decl":{"start":{"line":143,"column":2},"end":{"line":143,"column":3}},"loc":{"start":{"line":143,"column":21},"end":{"line":145,"column":3}},"line":143},"6":{"name":"(anonymous_6)","decl":{"start":{"line":147,"column":2},"end":{"line":147,"column":3}},"loc":{"start":{"line":147,"column":19},"end":{"line":149,"column":3}},"line":147},"7":{"name":"(anonymous_7)","decl":{"start":{"line":151,"column":2},"end":{"line":151,"column":3}},"loc":{"start":{"line":151,"column":9},"end":{"line":157,"column":3}},"line":151},"8":{"name":"(anonymous_8)","decl":{"start":{"line":159,"column":2},"end":{"line":159,"column":3}},"loc":{"start":{"line":159,"column":23},"end":{"line":199,"column":3}},"line":159},"9":{"name":"(anonymous_9)","decl":{"start":{"line":177,"column":33},"end":{"line":177,"column":34}},"loc":{"start":{"line":177,"column":39},"end":{"line":177,"column":72}},"line":177},"10":{"name":"(anonymous_10)","decl":{"start":{"line":201,"column":2},"end":{"line":201,"column":3}},"loc":{"start":{"line":201,"column":16},"end":{"line":225,"column":3}},"line":201},"11":{"name":"(anonymous_11)","decl":{"start":{"line":227,"column":2},"end":{"line":227,"column":3}},"loc":{"start":{"line":227,"column":11},"end":{"line":230,"column":3}},"line":227},"12":{"name":"(anonymous_12)","decl":{"start":{"line":243,"column":13},"end":{"line":243,"column":14}},"loc":{"start":{"line":243,"column":19},"end":{"line":243,"column":43}},"line":243},"13":{"name":"(anonymous_13)","decl":{"start":{"line":244,"column":15},"end":{"line":244,"column":16}},"loc":{"start":{"line":244,"column":21},"end":{"line":244,"column":45}},"line":244},"14":{"name":"(anonymous_14)","decl":{"start":{"line":246,"column":11},"end":{"line":246,"column":12}},"loc":{"start":{"line":246,"column":17},"end":{"line":246,"column":41}},"line":246},"15":{"name":"(anonymous_15)","decl":{"start":{"line":247,"column":13},"end":{"line":247,"column":14}},"loc":{"start":{"line":247,"column":19},"end":{"line":247,"column":43}},"line":247},"16":{"name":"(anonymous_16)","decl":{"start":{"line":249,"column":14},"end":{"line":249,"column":15}},"loc":{"start":{"line":249,"column":20},"end":{"line":249,"column":44}},"line":249},"17":{"name":"(anonymous_17)","decl":{"start":{"line":250,"column":16},"end":{"line":250,"column":17}},"loc":{"start":{"line":250,"column":22},"end":{"line":250,"column":46}},"line":250},"18":{"name":"(anonymous_18)","decl":{"start":{"line":252,"column":13},"end":{"line":252,"column":14}},"loc":{"start":{"line":252,"column":19},"end":{"line":252,"column":43}},"line":252},"19":{"name":"(anonymous_19)","decl":{"start":{"line":253,"column":15},"end":{"line":253,"column":16}},"loc":{"start":{"line":253,"column":21},"end":{"line":253,"column":45}},"line":253},"20":{"name":"(anonymous_20)","decl":{"start":{"line":255,"column":21},"end":{"line":255,"column":22}},"loc":{"start":{"line":255,"column":27},"end":{"line":255,"column":52}},"line":255},"21":{"name":"MoveCreature","decl":{"start":{"line":257,"column":9},"end":{"line":257,"column":21}},"loc":{"start":{"line":257,"column":32},"end":{"line":272,"column":1}},"line":257},"22":{"name":"AnimatePlayer","decl":{"start":{"line":274,"column":9},"end":{"line":274,"column":22}},"loc":{"start":{"line":274,"column":31},"end":{"line":299,"column":1}},"line":274},"23":{"name":"animate","decl":{"start":{"line":307,"column":9},"end":{"line":307,"column":16}},"loc":{"start":{"line":307,"column":19},"end":{"line":326,"column":1}},"line":307}},"branchMap":{"0":{"loc":{"start":{"line":160,"column":4},"end":{"line":189,"column":5}},"type":"if","locations":[{"start":{"line":160,"column":4},"end":{"line":189,"column":5}},{"start":{"line":160,"column":4},"end":{"line":189,"column":5}}],"line":160},"1":{"loc":{"start":{"line":162,"column":8},"end":{"line":181,"column":9}},"type":"if","locations":[{"start":{"line":162,"column":8},"end":{"line":181,"column":9}},{"start":{"line":162,"column":8},"end":{"line":181,"column":9}}],"line":162},"2":{"loc":{"start":{"line":162,"column":12},"end":{"line":164,"column":72}},"type":"binary-expr","locations":[{"start":{"line":162,"column":12},"end":{"line":162,"column":37}},{"start":{"line":163,"column":11},"end":{"line":163,"column":70}},{"start":{"line":164,"column":12},"end":{"line":164,"column":71}}],"line":162},"3":{"loc":{"start":{"line":182,"column":8},"end":{"line":187,"column":9}},"type":"if","locations":[{"start":{"line":182,"column":8},"end":{"line":187,"column":9}},{"start":{"line":182,"column":8},"end":{"line":187,"column":9}}],"line":182},"4":{"loc":{"start":{"line":190,"column":4},"end":{"line":198,"column":5}},"type":"if","locations":[{"start":{"line":190,"column":4},"end":{"line":198,"column":5}},{"start":{"line":190,"column":4},"end":{"line":198,"column":5}}],"line":190},"5":{"loc":{"start":{"line":190,"column":8},"end":{"line":190,"column":51}},"type":"binary-expr","locations":[{"start":{"line":190,"column":8},"end":{"line":190,"column":24}},{"start":{"line":190,"column":28},"end":{"line":190,"column":51}}],"line":190},"6":{"loc":{"start":{"line":193,"column":11},"end":{"line":198,"column":5}},"type":"if","locations":[{"start":{"line":193,"column":11},"end":{"line":198,"column":5}},{"start":{"line":193,"column":11},"end":{"line":198,"column":5}}],"line":193},"7":{"loc":{"start":{"line":193,"column":15},"end":{"line":193,"column":60}},"type":"binary-expr","locations":[{"start":{"line":193,"column":15},"end":{"line":193,"column":31}},{"start":{"line":193,"column":35},"end":{"line":193,"column":60}}],"line":193},"8":{"loc":{"start":{"line":202,"column":4},"end":{"line":224,"column":5}},"type":"if","locations":[{"start":{"line":202,"column":4},"end":{"line":224,"column":5}},{"start":{"line":202,"column":4},"end":{"line":224,"column":5}}],"line":202},"9":{"loc":{"start":{"line":202,"column":8},"end":{"line":202,"column":49}},"type":"binary-expr","locations":[{"start":{"line":202,"column":8},"end":{"line":202,"column":25}},{"start":{"line":202,"column":29},"end":{"line":202,"column":49}}],"line":202},"10":{"loc":{"start":{"line":221,"column":11},"end":{"line":224,"column":5}},"type":"if","locations":[{"start":{"line":221,"column":11},"end":{"line":224,"column":5}},{"start":{"line":221,"column":11},"end":{"line":224,"column":5}}],"line":221},"11":{"loc":{"start":{"line":221,"column":15},"end":{"line":221,"column":58}},"type":"binary-expr","locations":[{"start":{"line":221,"column":15},"end":{"line":221,"column":32}},{"start":{"line":221,"column":36},"end":{"line":221,"column":58}}],"line":221},"12":{"loc":{"start":{"line":260,"column":2},"end":{"line":265,"column":3}},"type":"if","locations":[{"start":{"line":260,"column":2},"end":{"line":265,"column":3}},{"start":{"line":260,"column":2},"end":{"line":265,"column":3}}],"line":260},"13":{"loc":{"start":{"line":260,"column":6},"end":{"line":262,"column":70}},"type":"binary-expr","locations":[{"start":{"line":260,"column":6},"end":{"line":260,"column":45}},{"start":{"line":261,"column":6},"end":{"line":261,"column":47}},{"start":{"line":261,"column":53},"end":{"line":261,"column":67}},{"start":{"line":262,"column":6},"end":{"line":262,"column":48}},{"start":{"line":262,"column":54},"end":{"line":262,"column":68}}],"line":260},"14":{"loc":{"start":{"line":266,"column":2},"end":{"line":271,"column":3}},"type":"if","locations":[{"start":{"line":266,"column":2},"end":{"line":271,"column":3}},{"start":{"line":266,"column":2},"end":{"line":271,"column":3}}],"line":266},"15":{"loc":{"start":{"line":266,"column":6},"end":{"line":268,"column":69}},"type":"binary-expr","locations":[{"start":{"line":266,"column":6},"end":{"line":266,"column":45}},{"start":{"line":267,"column":6},"end":{"line":267,"column":46}},{"start":{"line":267,"column":52},"end":{"line":267,"column":66}},{"start":{"line":268,"column":6},"end":{"line":268,"column":47}},{"start":{"line":268,"column":53},"end":{"line":268,"column":67}}],"line":266},"16":{"loc":{"start":{"line":278,"column":12},"end":{"line":278,"column":48}},"type":"cond-expr","locations":[{"start":{"line":278,"column":43},"end":{"line":278,"column":44}},{"start":{"line":278,"column":47},"end":{"line":278,"column":48}}],"line":278},"17":{"loc":{"start":{"line":280,"column":2},"end":{"line":293,"column":3}},"type":"if","locations":[{"start":{"line":280,"column":2},"end":{"line":293,"column":3}},{"start":{"line":280,"column":2},"end":{"line":293,"column":3}}],"line":280},"18":{"loc":{"start":{"line":281,"column":4},"end":{"line":287,"column":5}},"type":"if","locations":[{"start":{"line":281,"column":4},"end":{"line":287,"column":5}},{"start":{"line":281,"column":4},"end":{"line":287,"column":5}}],"line":281},"19":{"loc":{"start":{"line":310,"column":2},"end":{"line":320,"column":3}},"type":"if","locations":[{"start":{"line":310,"column":2},"end":{"line":320,"column":3}},{"start":{"line":310,"column":2},"end":{"line":320,"column":3}}],"line":310},"20":{"loc":{"start":{"line":312,"column":4},"end":{"line":318,"column":5}},"type":"if","locations":[{"start":{"line":312,"column":4},"end":{"line":318,"column":5}},{"start":{"line":312,"column":4},"end":{"line":318,"column":5}}],"line":312}},"s":{"0":1,"1":1,"2":1,"3":0,"4":1,"5":1,"6":1,"7":1,"8":1,"9":1,"10":1,"11":6,"12":6,"13":1,"14":1,"15":1,"16":6,"17":6,"18":1,"19":1,"20":1,"21":6,"22":6,"23":1,"24":1,"25":1,"26":1,"27":1,"28":1,"29":1,"30":1,"31":1,"32":1,"33":1,"34":1,"35":1,"36":1,"37":1,"38":1,"39":1,"40":1,"41":1,"42":1,"43":1,"44":1,"45":1,"46":1,"47":1,"48":1,"49":1,"50":1,"51":1,"52":1,"53":1,"54":1,"55":1,"56":1,"57":1,"58":1,"59":0,"60":1,"61":0,"62":0,"63":1,"64":1,"65":1,"66":1,"67":1,"68":1,"69":1,"70":1,"71":1,"72":1,"73":1,"74":1,"75":10,"76":10,"77":10,"78":10,"79":10,"80":10,"81":10,"82":10,"83":10,"84":6,"85":14,"86":92,"87":11,"88":11,"89":11,"90":11,"91":11,"92":105,"93":104,"94":104,"95":1040,"96":10,"97":10,"98":10,"99":10,"100":10,"101":10,"102":10,"103":10,"104":10,"105":10,"106":10,"107":0,"108":10,"109":10,"110":1040,"111":557,"112":557,"113":105,"114":80,"115":80,"116":25,"117":1,"118":1,"119":1,"120":1,"121":14,"122":11,"123":11,"124":11,"125":11,"126":11,"127":11,"128":11,"129":11,"130":11,"131":11,"132":11,"133":3,"134":3,"135":3,"136":1,"137":1,"138":1,"139":1,"140":1,"141":1,"142":1,"143":1,"144":0,"145":1,"146":0,"147":1,"148":0,"149":1,"150":0,"151":1,"152":0,"153":1,"154":0,"155":1,"156":0,"157":1,"158":0,"159":1,"160":0,"161":1,"162":1,"163":1,"164":1,"165":1,"166":3,"167":3,"168":3,"169":3,"170":3,"171":1,"172":1,"173":2,"174":2,"175":3,"176":3,"177":3,"178":3,"179":1,"180":1,"181":1,"182":1,"183":1,"184":1,"185":1,"186":0,"187":0,"188":0,"189":0,"190":1,"191":1,"192":1,"193":1},"f":{"0":0,"1":0,"2":0,"3":1,"4":6,"5":14,"6":92,"7":11,"8":105,"9":0,"10":14,"11":1,"12":0,"13":0,"14":0,"15":0,"16":0,"17":0,"18":0,"19":0,"20":0,"21":1,"22":3,"23":1},"b":{"0":[104,1],"1":[10,1030],"2":[1040,567,565],"3":[557,483],"4":[80,25],"5":[105,81],"6":[1,24],"7":[25,1],"8":[11,3],"9":[14,14],"10":[3,0],"11":[3,3],"12":[1,0],"13":[1,1,0,1,1],"14":[1,0],"15":[1,1,0,1,1],"16":[1,2],"17":[3,0],"18":[1,2],"19":[0,1],"20":[0,0]},"_coverageSchema":"1a1c01bbd47fc00a2c39e90264f33305004495a9","hash":"e93382b0fe16856c0c55c643b661dd813af2bb64"}
,"C:\\Users\\nikit\\Documents\\Rage-Party\\src\\scripts\\keyboard.js": {"path":"C:\\Users\\nikit\\Documents\\Rage-Party\\src\\scripts\\keyboard.js","statementMap":{"0":{"start":{"line":2,"column":14},"end":{"line":2,"column":16}},"1":{"start":{"line":3,"column":2},"end":{"line":3,"column":20}},"2":{"start":{"line":4,"column":2},"end":{"line":4,"column":21}},"3":{"start":{"line":5,"column":2},"end":{"line":5,"column":18}},"4":{"start":{"line":6,"column":2},"end":{"line":6,"column":24}},"5":{"start":{"line":7,"column":2},"end":{"line":7,"column":26}},"6":{"start":{"line":9,"column":2},"end":{"line":16,"column":4}},"7":{"start":{"line":10,"column":4},"end":{"line":15,"column":5}},"8":{"start":{"line":11,"column":6},"end":{"line":11,"column":45}},"9":{"start":{"line":11,"column":33},"end":{"line":11,"column":45}},"10":{"start":{"line":12,"column":6},"end":{"line":12,"column":24}},"11":{"start":{"line":13,"column":6},"end":{"line":13,"column":23}},"12":{"start":{"line":14,"column":6},"end":{"line":14,"column":29}},"13":{"start":{"line":19,"column":2},"end":{"line":26,"column":4}},"14":{"start":{"line":20,"column":4},"end":{"line":25,"column":5}},"15":{"start":{"line":21,"column":6},"end":{"line":21,"column":51}},"16":{"start":{"line":21,"column":37},"end":{"line":21,"column":51}},"17":{"start":{"line":22,"column":6},"end":{"line":22,"column":25}},"18":{"start":{"line":23,"column":6},"end":{"line":23,"column":22}},"19":{"start":{"line":24,"column":6},"end":{"line":24,"column":29}},"20":{"start":{"line":29,"column":23},"end":{"line":29,"column":48}},"21":{"start":{"line":30,"column":21},"end":{"line":30,"column":44}},"22":{"start":{"line":32,"column":2},"end":{"line":34,"column":4}},"23":{"start":{"line":35,"column":2},"end":{"line":37,"column":4}},"24":{"start":{"line":39,"column":2},"end":{"line":39,"column":13}},"25":{"start":{"line":42,"column":20},"end":{"line":42,"column":36}},"26":{"start":{"line":43,"column":7},"end":{"line":43,"column":23}},"27":{"start":{"line":44,"column":10},"end":{"line":44,"column":26}},"28":{"start":{"line":45,"column":9},"end":{"line":45,"column":25}},"29":{"start":{"line":46,"column":17},"end":{"line":46,"column":33}}},"fnMap":{"0":{"name":"keyboard","decl":{"start":{"line":1,"column":16},"end":{"line":1,"column":24}},"loc":{"start":{"line":1,"column":32},"end":{"line":40,"column":1}},"line":1},"1":{"name":"(anonymous_1)","decl":{"start":{"line":9,"column":20},"end":{"line":9,"column":21}},"loc":{"start":{"line":9,"column":29},"end":{"line":16,"column":3}},"line":9},"2":{"name":"(anonymous_2)","decl":{"start":{"line":19,"column":18},"end":{"line":19,"column":19}},"loc":{"start":{"line":19,"column":27},"end":{"line":26,"column":3}},"line":19}},"branchMap":{"0":{"loc":{"start":{"line":10,"column":4},"end":{"line":15,"column":5}},"type":"if","locations":[{"start":{"line":10,"column":4},"end":{"line":15,"column":5}},{"start":{"line":10,"column":4},"end":{"line":15,"column":5}}],"line":10},"1":{"loc":{"start":{"line":11,"column":6},"end":{"line":11,"column":45}},"type":"if","locations":[{"start":{"line":11,"column":6},"end":{"line":11,"column":45}},{"start":{"line":11,"column":6},"end":{"line":11,"column":45}}],"line":11},"2":{"loc":{"start":{"line":11,"column":10},"end":{"line":11,"column":31}},"type":"binary-expr","locations":[{"start":{"line":11,"column":10},"end":{"line":11,"column":18}},{"start":{"line":11,"column":22},"end":{"line":11,"column":31}}],"line":11},"3":{"loc":{"start":{"line":20,"column":4},"end":{"line":25,"column":5}},"type":"if","locations":[{"start":{"line":20,"column":4},"end":{"line":25,"column":5}},{"start":{"line":20,"column":4},"end":{"line":25,"column":5}}],"line":20},"4":{"loc":{"start":{"line":21,"column":6},"end":{"line":21,"column":51}},"type":"if","locations":[{"start":{"line":21,"column":6},"end":{"line":21,"column":51}},{"start":{"line":21,"column":6},"end":{"line":21,"column":51}}],"line":21},"5":{"loc":{"start":{"line":21,"column":10},"end":{"line":21,"column":35}},"type":"binary-expr","locations":[{"start":{"line":21,"column":10},"end":{"line":21,"column":20}},{"start":{"line":21,"column":24},"end":{"line":21,"column":35}}],"line":21}},"s":{"0":11,"1":11,"2":11,"3":11,"4":11,"5":11,"6":11,"7":6,"8":2,"9":1,"10":2,"11":2,"12":2,"13":11,"14":6,"15":2,"16":1,"17":2,"18":2,"19":2,"20":11,"21":11,"22":11,"23":11,"24":11,"25":2,"26":2,"27":2,"28":2,"29":2},"f":{"0":11,"1":6,"2":6},"b":{"0":[2,4],"1":[1,1],"2":[2,2],"3":[2,4],"4":[1,1],"5":[2,2]},"_coverageSchema":"1a1c01bbd47fc00a2c39e90264f33305004495a9","hash":"9ee4212953eb96c96dc84ee116556be1ed0722e5"}
}
