TN:
SF:index.js
FN:14,(anonymous_0)
FN:17,(anonymous_1)
FN:21,(anonymous_2)
FN:27,(anonymous_3)
FNF:4
FNH:4
FNDA:1,(anonymous_0)
FNDA:1,(anonymous_1)
FNDA:1,(anonymous_2)
FNDA:1,(anonymous_3)
DA:3,1
DA:4,1
DA:5,1
DA:6,1
DA:8,1
DA:14,1
DA:15,1
DA:17,1
DA:18,1
DA:21,1
DA:22,1
DA:27,1
DA:28,1
DA:29,1
DA:30,1
DA:32,0
DA:33,0
DA:36,1
DA:38,1
LF:19
LH:17
BRDA:5,0,0,1
BRDA:5,0,1,1
BRDA:6,1,0,1
BRDA:6,1,1,0
BRF:4
BRH:3
end_of_record
TN:
SF:src\scripts\contain.js
FN:9,contain
FNF:1
FNH:1
FNDA:1136,contain
DA:1,2
DA:11,1136
DA:17,1136
DA:18,2
DA:22,1136
DA:24,3
DA:28,1136
DA:29,17
DA:33,1136
DA:35,3
DA:38,1136
LF:11
LH:11
BRDA:17,0,0,2
BRDA:17,0,1,1134
BRDA:22,1,0,3
BRDA:22,1,1,1133
BRDA:28,2,0,17
BRDA:28,2,1,1119
BRDA:33,3,0,3
BRDA:33,3,1,1133
BRF:8
BRH:8
end_of_record
TN:
SF:src\scripts\game.js
FN:15,(anonymous_0)
FN:102,(anonymous_1)
FN:105,(anonymous_2)
FN:111,(anonymous_3)
FN:139,(anonymous_4)
FN:143,(anonymous_5)
FN:147,(anonymous_6)
FN:151,(anonymous_7)
FN:159,(anonymous_8)
FN:177,(anonymous_9)
FN:201,(anonymous_10)
FN:227,(anonymous_11)
FN:243,(anonymous_12)
FN:244,(anonymous_13)
FN:246,(anonymous_14)
FN:247,(anonymous_15)
FN:249,(anonymous_16)
FN:250,(anonymous_17)
FN:252,(anonymous_18)
FN:253,(anonymous_19)
FN:255,(anonymous_20)
FN:257,MoveCreature
FN:274,AnimatePlayer
FN:307,animate
FNF:24
FNH:11
FNDA:0,(anonymous_0)
FNDA:0,(anonymous_1)
FNDA:0,(anonymous_2)
FNDA:1,(anonymous_3)
FNDA:6,(anonymous_4)
FNDA:14,(anonymous_5)
FNDA:92,(anonymous_6)
FNDA:11,(anonymous_7)
FNDA:105,(anonymous_8)
FNDA:0,(anonymous_9)
FNDA:14,(anonymous_10)
FNDA:1,(anonymous_11)
FNDA:0,(anonymous_12)
FNDA:0,(anonymous_13)
FNDA:0,(anonymous_14)
FNDA:0,(anonymous_15)
FNDA:0,(anonymous_16)
FNDA:0,(anonymous_17)
FNDA:0,(anonymous_18)
FNDA:0,(anonymous_19)
FNDA:0,(anonymous_20)
FNDA:1,MoveCreature
FNDA:3,AnimatePlayer
FNDA:1,animate
DA:7,1
DA:13,1
DA:15,1
DA:16,0
DA:20,1
DA:23,1
DA:24,1
DA:25,1
DA:26,1
DA:27,1
DA:28,6
DA:30,6
DA:32,1
DA:33,1
DA:34,6
DA:36,6
DA:38,1
DA:39,1
DA:40,6
DA:42,6
DA:44,1
DA:46,1
DA:48,1
DA:49,1
DA:50,1
DA:51,1
DA:53,1
DA:59,1
DA:65,1
DA:66,1
DA:67,1
DA:68,1
DA:69,1
DA:70,1
DA:71,1
DA:74,1
DA:77,1
DA:78,1
DA:79,1
DA:80,1
DA:81,1
DA:83,1
DA:86,1
DA:88,1
DA:89,1
DA:90,1
DA:91,1
DA:92,1
DA:93,1
DA:94,1
DA:96,1
DA:97,1
DA:98,1
DA:100,1
DA:101,1
DA:102,1
DA:103,0
DA:105,1
DA:106,0
DA:107,0
DA:112,1
DA:113,1
DA:115,1
DA:116,1
DA:117,1
DA:118,1
DA:120,1
DA:122,1
DA:123,1
DA:124,1
DA:126,1
DA:127,10
DA:128,10
DA:129,10
DA:130,10
DA:131,10
DA:132,10
DA:133,10
DA:134,10
DA:135,10
DA:140,6
DA:144,14
DA:148,92
DA:152,11
DA:153,11
DA:154,11
DA:155,11
DA:156,11
DA:160,105
DA:161,104
DA:162,1040
DA:165,10
DA:167,10
DA:169,10
DA:170,10
DA:171,10
DA:172,10
DA:173,10
DA:174,10
DA:175,10
DA:176,10
DA:177,10
DA:178,10
DA:180,10
DA:182,1040
DA:183,557
DA:185,557
DA:190,105
DA:191,80
DA:192,80
DA:193,25
DA:194,1
DA:195,1
DA:196,1
DA:197,1
DA:202,14
DA:203,11
DA:204,11
DA:206,11
DA:208,11
DA:209,11
DA:211,11
DA:214,11
DA:215,11
DA:217,11
DA:218,11
DA:220,11
DA:221,3
DA:222,3
DA:223,3
DA:228,1
DA:229,1
DA:233,1
DA:234,1
DA:235,1
DA:238,1
DA:241,1
DA:243,1
DA:244,1
DA:246,1
DA:247,1
DA:249,1
DA:250,1
DA:252,1
DA:253,1
DA:255,1
DA:258,1
DA:260,1
DA:264,1
DA:266,1
DA:270,1
DA:276,3
DA:277,3
DA:278,3
DA:280,3
DA:281,3
DA:282,1
DA:283,1
DA:285,2
DA:286,2
DA:294,3
DA:295,3
DA:296,3
DA:298,3
DA:301,1
DA:302,1
DA:305,1
DA:306,1
DA:308,1
DA:309,1
DA:310,1
DA:312,0
DA:313,0
DA:314,0
DA:319,0
DA:321,1
DA:324,1
DA:325,1
DA:328,1
LF:179
LH:171
BRDA:160,0,0,104
BRDA:160,0,1,1
BRDA:162,1,0,10
BRDA:162,1,1,1030
BRDA:162,2,0,1040
BRDA:162,2,1,567
BRDA:162,2,2,565
BRDA:182,3,0,557
BRDA:182,3,1,483
BRDA:190,4,0,80
BRDA:190,4,1,25
BRDA:190,5,0,105
BRDA:190,5,1,81
BRDA:193,6,0,1
BRDA:193,6,1,24
BRDA:193,7,0,25
BRDA:193,7,1,1
BRDA:202,8,0,11
BRDA:202,8,1,3
BRDA:202,9,0,14
BRDA:202,9,1,14
BRDA:221,10,0,3
BRDA:221,10,1,0
BRDA:221,11,0,3
BRDA:221,11,1,3
BRDA:260,12,0,1
BRDA:260,12,1,0
BRDA:260,13,0,1
BRDA:260,13,1,1
BRDA:260,13,2,0
BRDA:260,13,3,1
BRDA:260,13,4,1
BRDA:266,14,0,1
BRDA:266,14,1,0
BRDA:266,15,0,1
BRDA:266,15,1,1
BRDA:266,15,2,0
BRDA:266,15,3,1
BRDA:266,15,4,1
BRDA:278,16,0,1
BRDA:278,16,1,2
BRDA:280,17,0,3
BRDA:280,17,1,0
BRDA:281,18,0,1
BRDA:281,18,1,2
BRDA:310,19,0,0
BRDA:310,19,1,1
BRDA:312,20,0,0
BRDA:312,20,1,0
BRF:49
BRH:40
end_of_record
TN:
SF:src\scripts\keyboard.js
FN:1,keyboard
FN:9,(anonymous_1)
FN:19,(anonymous_2)
FNF:3
FNH:3
FNDA:11,keyboard
FNDA:6,(anonymous_1)
FNDA:6,(anonymous_2)
DA:2,11
DA:3,11
DA:4,11
DA:5,11
DA:6,11
DA:7,11
DA:9,11
DA:10,6
DA:11,2
DA:12,2
DA:13,2
DA:14,2
DA:19,11
DA:20,6
DA:21,2
DA:22,2
DA:23,2
DA:24,2
DA:29,11
DA:30,11
DA:32,11
DA:35,11
DA:39,11
DA:42,2
DA:43,2
DA:44,2
DA:45,2
DA:46,2
LF:28
LH:28
BRDA:10,0,0,2
BRDA:10,0,1,4
BRDA:11,1,0,1
BRDA:11,1,1,1
BRDA:11,2,0,2
BRDA:11,2,1,2
BRDA:20,3,0,2
BRDA:20,3,1,4
BRDA:21,4,0,1
BRDA:21,4,1,1
BRDA:21,5,0,2
BRDA:21,5,1,2
BRF:12
BRH:12
end_of_record
