TN:
SF:index.js
FN:14,(anonymous_0)
FN:17,(anonymous_1)
FN:21,(anonymous_2)
FN:27,(anonymous_3)
FNF:4
FNH:4
FNDA:1,(anonymous_0)
FNDA:1,(anonymous_1)
FNDA:1,(anonymous_2)
FNDA:1,(anonymous_3)
DA:3,1
DA:4,1
DA:5,1
DA:6,1
DA:8,1
DA:14,1
DA:15,1
DA:17,1
DA:18,1
DA:21,1
DA:22,1
DA:27,1
DA:28,1
DA:29,1
DA:30,1
DA:32,0
DA:33,0
DA:36,1
DA:38,1
LF:19
LH:17
BRDA:5,0,0,1
BRDA:5,0,1,1
BRDA:6,1,0,1
BRDA:6,1,1,0
BRF:4
BRH:3
end_of_record
TN:
SF:src\scripts\contain.js
FN:9,contain
FNF:1
FNH:1
FNDA:1156,contain
DA:1,2
DA:11,1156
DA:17,1156
DA:18,4
DA:22,1156
DA:24,5
DA:28,1156
DA:29,33
DA:33,1156
DA:35,5
DA:38,1156
LF:11
LH:11
BRDA:17,0,0,4
BRDA:17,0,1,1152
BRDA:22,1,0,5
BRDA:22,1,1,1151
BRDA:28,2,0,33
BRDA:28,2,1,1123
BRDA:33,3,0,5
BRDA:33,3,1,1151
BRF:8
BRH:8
end_of_record
TN:
SF:src\scripts\game.js
FN:15,(anonymous_0)
FN:103,(anonymous_1)
FN:106,(anonymous_2)
FN:112,(anonymous_3)
FN:140,(anonymous_4)
FN:144,(anonymous_5)
FN:148,(anonymous_6)
FN:152,(anonymous_7)
FN:160,(anonymous_8)
FN:180,(anonymous_9)
FN:204,(anonymous_10)
FN:230,(anonymous_11)
FN:246,(anonymous_12)
FN:247,(anonymous_13)
FN:249,(anonymous_14)
FN:250,(anonymous_15)
FN:252,(anonymous_16)
FN:253,(anonymous_17)
FN:255,(anonymous_18)
FN:256,(anonymous_19)
FN:258,(anonymous_20)
FN:260,MoveCreature
FN:277,AnimatePlayer
FN:315,animate
FNF:24
FNH:11
FNDA:0,(anonymous_0)
FNDA:0,(anonymous_1)
FNDA:0,(anonymous_2)
FNDA:1,(anonymous_3)
FNDA:6,(anonymous_4)
FNDA:14,(anonymous_5)
FNDA:92,(anonymous_6)
FNDA:11,(anonymous_7)
FNDA:105,(anonymous_8)
FNDA:0,(anonymous_9)
FNDA:14,(anonymous_10)
FNDA:1,(anonymous_11)
FNDA:0,(anonymous_12)
FNDA:0,(anonymous_13)
FNDA:0,(anonymous_14)
FNDA:0,(anonymous_15)
FNDA:0,(anonymous_16)
FNDA:0,(anonymous_17)
FNDA:0,(anonymous_18)
FNDA:0,(anonymous_19)
FNDA:0,(anonymous_20)
FNDA:1,MoveCreature
FNDA:3,AnimatePlayer
FNDA:1,animate
DA:7,1
DA:13,1
DA:15,1
DA:16,0
DA:17,0
DA:21,1
DA:24,1
DA:25,1
DA:26,1
DA:27,1
DA:28,1
DA:29,6
DA:31,6
DA:33,1
DA:34,1
DA:35,6
DA:37,6
DA:39,1
DA:40,1
DA:41,6
DA:43,6
DA:45,1
DA:47,1
DA:49,1
DA:50,1
DA:51,1
DA:52,1
DA:54,1
DA:60,1
DA:66,1
DA:67,1
DA:68,1
DA:69,1
DA:70,1
DA:71,1
DA:72,1
DA:75,1
DA:78,1
DA:79,1
DA:80,1
DA:81,1
DA:82,1
DA:84,1
DA:87,1
DA:89,1
DA:90,1
DA:91,1
DA:92,1
DA:93,1
DA:94,1
DA:95,1
DA:97,1
DA:98,1
DA:99,1
DA:101,1
DA:102,1
DA:103,1
DA:104,0
DA:106,1
DA:107,0
DA:108,0
DA:113,1
DA:114,1
DA:116,1
DA:117,1
DA:118,1
DA:119,1
DA:121,1
DA:123,1
DA:124,1
DA:125,1
DA:127,1
DA:128,10
DA:129,10
DA:130,10
DA:131,10
DA:132,10
DA:133,10
DA:134,10
DA:135,10
DA:136,10
DA:141,6
DA:145,14
DA:149,92
DA:153,11
DA:154,11
DA:155,11
DA:156,11
DA:157,11
DA:161,105
DA:162,104
DA:163,1040
DA:166,10
DA:168,10
DA:170,10
DA:172,10
DA:173,10
DA:174,10
DA:175,10
DA:176,10
DA:177,10
DA:178,10
DA:179,10
DA:180,10
DA:181,10
DA:183,10
DA:185,1040
DA:186,557
DA:188,557
DA:193,105
DA:194,80
DA:195,80
DA:196,25
DA:197,1
DA:198,1
DA:199,1
DA:200,1
DA:205,14
DA:206,11
DA:207,11
DA:209,11
DA:211,11
DA:212,11
DA:214,11
DA:217,11
DA:218,11
DA:220,11
DA:221,11
DA:223,11
DA:224,3
DA:225,3
DA:226,3
DA:231,1
DA:232,1
DA:236,1
DA:237,1
DA:238,1
DA:241,1
DA:244,1
DA:246,1
DA:247,1
DA:249,1
DA:250,1
DA:252,1
DA:253,1
DA:255,1
DA:256,1
DA:258,1
DA:261,1
DA:263,1
DA:267,1
DA:269,1
DA:273,1
DA:279,3
DA:280,3
DA:281,3
DA:283,3
DA:284,3
DA:285,3
DA:286,1
DA:287,1
DA:288,1
DA:290,2
DA:291,2
DA:292,2
DA:300,3
DA:301,3
DA:302,3
DA:304,3
DA:306,3
DA:309,1
DA:310,1
DA:313,1
DA:314,1
DA:316,1
DA:317,1
DA:318,1
DA:320,0
DA:321,0
DA:322,0
DA:327,0
DA:329,1
DA:332,1
DA:333,1
DA:336,1
LF:185
LH:176
BRDA:161,0,0,104
BRDA:161,0,1,1
BRDA:163,1,0,10
BRDA:163,1,1,1030
BRDA:163,2,0,1040
BRDA:163,2,1,567
BRDA:163,2,2,565
BRDA:185,3,0,557
BRDA:185,3,1,483
BRDA:193,4,0,80
BRDA:193,4,1,25
BRDA:193,5,0,105
BRDA:193,5,1,81
BRDA:196,6,0,1
BRDA:196,6,1,24
BRDA:196,7,0,25
BRDA:196,7,1,1
BRDA:205,8,0,11
BRDA:205,8,1,3
BRDA:205,9,0,14
BRDA:205,9,1,14
BRDA:224,10,0,3
BRDA:224,10,1,0
BRDA:224,11,0,3
BRDA:224,11,1,3
BRDA:263,12,0,1
BRDA:263,12,1,0
BRDA:263,13,0,1
BRDA:263,13,1,1
BRDA:263,13,2,0
BRDA:263,13,3,1
BRDA:263,13,4,1
BRDA:269,14,0,1
BRDA:269,14,1,0
BRDA:269,15,0,1
BRDA:269,15,1,1
BRDA:269,15,2,0
BRDA:269,15,3,1
BRDA:269,15,4,1
BRDA:281,16,0,1
BRDA:281,16,1,2
BRDA:284,17,0,3
BRDA:284,17,1,0
BRDA:285,18,0,1
BRDA:285,18,1,2
BRDA:318,19,0,0
BRDA:318,19,1,1
BRDA:320,20,0,0
BRDA:320,20,1,0
BRF:49
BRH:40
end_of_record
TN:
SF:src\scripts\keyboard.js
FN:1,keyboard
FN:9,(anonymous_1)
FN:19,(anonymous_2)
FNF:3
FNH:3
FNDA:11,keyboard
FNDA:6,(anonymous_1)
FNDA:6,(anonymous_2)
DA:2,11
DA:3,11
DA:4,11
DA:5,11
DA:6,11
DA:7,11
DA:9,11
DA:10,6
DA:11,2
DA:12,2
DA:13,2
DA:14,2
DA:19,11
DA:20,6
DA:21,2
DA:22,2
DA:23,2
DA:24,2
DA:29,11
DA:30,11
DA:32,11
DA:35,11
DA:39,11
DA:42,2
DA:43,2
DA:44,2
DA:45,2
DA:46,2
LF:28
LH:28
BRDA:10,0,0,2
BRDA:10,0,1,4
BRDA:11,1,0,1
BRDA:11,1,1,1
BRDA:11,2,0,2
BRDA:11,2,1,2
BRDA:20,3,0,2
BRDA:20,3,1,4
BRDA:21,4,0,1
BRDA:21,4,1,1
BRDA:21,5,0,2
BRDA:21,5,1,2
BRF:12
BRH:12
end_of_record
